2020-08-06 17:00:22  Centipede starts!
2020-08-06 17:00:22  Job filename: /home/jeff/ForumCrawler/tropical_job.2020-08-07.jobs
2020-08-06 17:00:22  Finding next job.
2020-08-06 17:00:22  module: tropical_thread, URL: http://tropicalfruitforum.com/index.php?board=5.0
2020-08-06 17:00:22  Job started.
2020-08-06 17:00:22  http://tropicalfruitforum.com/index.php?board=5.0&page=1 (0.157192s)
2020-08-06 17:00:22  30 elements are found.
2020-08-06 17:00:28  http://tropicalfruitforum.com/index.php?board=5.0&page=2 (0.124162s)
2020-08-06 17:00:28  30 elements are found.
2020-08-06 17:00:36  http://tropicalfruitforum.com/index.php?board=5.0&page=3 (0.157771s)
2020-08-06 17:00:36  30 elements are found.
2020-08-06 17:00:42  http://tropicalfruitforum.com/index.php?board=5.0&page=4 (0.131776s)
2020-08-06 17:00:42  30 elements are found.
2020-08-06 17:00:48  http://tropicalfruitforum.com/index.php?board=5.0&page=5 (0.137712s)
2020-08-06 17:00:48  30 elements are found.
2020-08-06 17:00:54  http://tropicalfruitforum.com/index.php?board=5.0&page=6 (0.137028s)
2020-08-06 17:00:54  30 elements are found.
2020-08-06 17:01:01  http://tropicalfruitforum.com/index.php?board=5.0&page=7 (0.151274s)
2020-08-06 17:01:01  30 elements are found.
2020-08-06 17:01:07  http://tropicalfruitforum.com/index.php?board=5.0&page=8 (0.13698s)
2020-08-06 17:01:07  30 elements are found.
2020-08-06 17:01:13  http://tropicalfruitforum.com/index.php?board=5.0&page=9 (0.116902s)
2020-08-06 17:01:13  30 elements are found.
2020-08-06 17:01:19  http://tropicalfruitforum.com/index.php?board=5.0&page=10 (0.141154s)
2020-08-06 17:01:19  30 elements are found.
2020-08-06 17:01:25  http://tropicalfruitforum.com/index.php?board=5.0&page=11 (0.129957s)
2020-08-06 17:01:25  30 elements are found.
2020-08-06 17:01:31  http://tropicalfruitforum.com/index.php?board=5.0&page=12 (0.132122s)
2020-08-06 17:01:31  30 elements are found.
2020-08-06 17:01:38  http://tropicalfruitforum.com/index.php?board=5.0&page=13 (0.133814s)
2020-08-06 17:01:38  30 elements are found.
2020-08-06 17:02:49  Centipede starts!
2020-08-06 17:02:49  Job filename: /home/jeff/ForumCrawler/tropical_job.2020-08-07.jobs
2020-08-06 17:02:49  Finding next job.
2020-08-06 17:02:49  module: tropical_thread, URL: http://tropicalfruitforum.com/index.php?board=5.0
2020-08-06 17:02:49  Job started.
2020-08-06 17:02:49  http://tropicalfruitforum.com/index.php?board=5.0&page=1 (0.12034s)
2020-08-06 17:02:49  30 elements are found.
2020-08-06 17:03:50  Centipede starts!
2020-08-06 17:03:50  Job filename: /home/jeff/ForumCrawler/tropical_job.2020-08-07.jobs
2020-08-06 17:03:50  Finding next job.
2020-08-06 17:03:50  module: tropical_thread, URL: http://tropicalfruitforum.com/index.php?board=5.0
2020-08-06 17:03:50  Job started.
2020-08-06 17:03:50  http://tropicalfruitforum.com/index.php?board=5.0&page=1 (0.129322s)
2020-08-06 17:03:50  30 elements are found.
2020-08-06 17:04:48  Centipede starts!
2020-08-06 17:04:48  Job filename: /home/jeff/ForumCrawler/tropical_job.2020-08-07.jobs
2020-08-06 17:04:48  Finding next job.
2020-08-06 17:04:48  module: tropical_thread, URL: http://tropicalfruitforum.com/index.php?board=5.0
2020-08-06 17:04:48  Job started.
2020-08-06 17:04:48  http://tropicalfruitforum.com/index.php?board=5.0&page=1 (0.13026s)
2020-08-06 17:04:48  30 elements are found.
2020-08-06 17:04:54  http://tropicalfruitforum.com/index.php?board=5.0&page=2 (0.12916s)
2020-08-06 17:04:54  30 elements are found.
2020-08-06 17:05:01  http://tropicalfruitforum.com/index.php?board=5.0&page=3 (0.128603s)
2020-08-06 17:05:01  30 elements are found.
2020-08-06 17:05:07  http://tropicalfruitforum.com/index.php?board=5.0&page=4 (0.114371s)
2020-08-06 17:05:07  30 elements are found.
2020-08-06 17:05:13  http://tropicalfruitforum.com/index.php?board=5.0&page=5 (0.134093s)
2020-08-06 17:05:13  30 elements are found.
2020-08-06 17:05:19  http://tropicalfruitforum.com/index.php?board=5.0&page=6 (0.112641s)
2020-08-06 17:05:19  30 elements are found.
2020-08-06 17:05:25  http://tropicalfruitforum.com/index.php?board=5.0&page=7 (0.137146s)
2020-08-06 17:05:25  30 elements are found.
2020-08-06 17:05:32  http://tropicalfruitforum.com/index.php?board=5.0&page=8 (0.133266s)
2020-08-06 17:05:32  30 elements are found.
2020-08-06 17:05:38  http://tropicalfruitforum.com/index.php?board=5.0&page=9 (0.129092s)
2020-08-06 17:05:38  30 elements are found.
2020-08-06 17:05:44  http://tropicalfruitforum.com/index.php?board=5.0&page=10 (0.13057s)
2020-08-06 17:05:44  30 elements are found.
2020-08-06 17:05:50  http://tropicalfruitforum.com/index.php?board=5.0&page=11 (0.125822s)
2020-08-06 17:05:50  30 elements are found.
2020-08-06 17:11:17  Centipede starts!
2020-08-06 17:11:17  Job filename: /home/jeff/ForumCrawler/tropical_job.2020-08-07.jobs
2020-08-06 17:11:17  Finding next job.
2020-08-06 17:11:17  module: tropical_thread, URL: http://tropicalfruitforum.com/index.php?board=5.0
2020-08-06 17:11:17  Job started.
2020-08-06 17:11:17  http://tropicalfruitforum.com/index.php?board=5.0&page=1 (0.141101s)
2020-08-06 17:11:17  30 elements are found.
2020-08-06 17:11:23  http://tropicalfruitforum.com/index.php?board=5.0&page=2 (0.143275s)
2020-08-06 17:11:23  30 elements are found.
2020-08-06 17:11:29  http://tropicalfruitforum.com/index.php?board=5.0&page=3 (0.119894s)
2020-08-06 17:11:29  30 elements are found.
2020-08-06 17:11:35  http://tropicalfruitforum.com/index.php?board=5.0&page=4 (0.185664s)
2020-08-06 17:11:35  30 elements are found.
2020-08-06 17:11:42  http://tropicalfruitforum.com/index.php?board=5.0&page=5 (0.133171s)
2020-08-06 17:11:42  30 elements are found.
2020-08-06 17:11:49  http://tropicalfruitforum.com/index.php?board=5.0&page=6 (1.145983s)
2020-08-06 17:11:49  30 elements are found.
2020-08-06 17:11:55  http://tropicalfruitforum.com/index.php?board=5.0&page=7 (0.12642s)
2020-08-06 17:11:55  30 elements are found.
2020-08-06 17:12:02  http://tropicalfruitforum.com/index.php?board=5.0&page=8 (0.239403s)
2020-08-06 17:12:02  30 elements are found.
2020-08-06 17:12:08  http://tropicalfruitforum.com/index.php?board=5.0&page=9 (0.113176s)
2020-08-06 17:12:08  30 elements are found.
2020-08-06 17:12:14  http://tropicalfruitforum.com/index.php?board=5.0&page=10 (0.127376s)
2020-08-06 17:12:14  30 elements are found.
2020-08-06 17:12:20  http://tropicalfruitforum.com/index.php?board=5.0&page=11 (0.131033s)
2020-08-06 17:12:20  30 elements are found.
2020-08-06 17:12:26  http://tropicalfruitforum.com/index.php?board=5.0&page=12 (0.124001s)
2020-08-06 17:12:26  30 elements are found.
2020-08-06 17:12:32  http://tropicalfruitforum.com/index.php?board=5.0&page=13 (0.122601s)
2020-08-06 17:12:32  30 elements are found.
2020-08-06 17:12:39  http://tropicalfruitforum.com/index.php?board=5.0&page=14 (0.171118s)
2020-08-06 17:12:39  30 elements are found.
2020-08-06 17:12:45  http://tropicalfruitforum.com/index.php?board=5.0&page=15 (0.12195s)
2020-08-06 17:12:45  30 elements are found.
2020-08-06 17:40:38  Centipede starts!
2020-08-06 17:40:38  Job filename: /home/jeff/ForumCrawler/tropical_job.2020-08-07.jobs
2020-08-06 17:40:38  Finding next job.
2020-08-06 17:40:38  module: tropical_thread, URL: http://tropicalfruitforum.com/index.php?board=5.0
2020-08-06 17:40:38  Job started.
2020-08-06 17:40:39  http://tropicalfruitforum.com/index.php?board=5.0&page=1 (0.24453s)
2020-08-06 17:40:39  30 elements are found.
2020-08-06 17:40:45  http://tropicalfruitforum.com/index.php?board=5.0&page=2 (0.129887s)
2020-08-06 17:40:45  30 elements are found.
2020-08-06 17:40:51  http://tropicalfruitforum.com/index.php?board=5.0&page=3 (0.125616s)
2020-08-06 17:40:51  30 elements are found.
2020-08-06 17:40:57  http://tropicalfruitforum.com/index.php?board=5.0&page=4 (0.170255s)
2020-08-06 17:40:57  30 elements are found.
2020-08-06 17:41:04  http://tropicalfruitforum.com/index.php?board=5.0&page=5 (0.129774s)
2020-08-06 17:41:04  30 elements are found.
2020-08-06 17:41:10  http://tropicalfruitforum.com/index.php?board=5.0&page=6 (0.126601s)
2020-08-06 17:41:10  30 elements are found.
2020-08-06 17:41:16  http://tropicalfruitforum.com/index.php?board=5.0&page=7 (0.119469s)
2020-08-06 17:41:16  30 elements are found.
2020-08-06 17:41:22  http://tropicalfruitforum.com/index.php?board=5.0&page=8 (0.130958s)
2020-08-06 17:41:22  30 elements are found.
2020-08-06 17:41:28  http://tropicalfruitforum.com/index.php?board=5.0&page=9 (0.120325s)
2020-08-06 17:41:28  30 elements are found.
2020-08-06 17:41:34  http://tropicalfruitforum.com/index.php?board=5.0&page=10 (0.123622s)
2020-08-06 17:41:34  30 elements are found.
2020-08-06 17:41:41  http://tropicalfruitforum.com/index.php?board=5.0&page=11 (0.13497s)
2020-08-06 17:41:41  30 elements are found.
2020-08-06 17:42:15  Centipede starts!
2020-08-06 17:42:15  Job filename: /home/jeff/ForumCrawler/tropical_job.2020-08-07.jobs
2020-08-06 17:42:15  Finding next job.
2020-08-06 17:42:15  module: tropical_thread, URL: http://tropicalfruitforum.com/index.php?board=5.0
2020-08-06 17:42:15  Job started.
2020-08-06 17:42:15  http://tropicalfruitforum.com/index.php?board=5.0&page=1 (0.121686s)
2020-08-06 17:42:15  30 elements are found.
2020-08-06 17:42:21  http://tropicalfruitforum.com/index.php?board=5.0&page=2 (0.128275s)
2020-08-06 17:42:21  30 elements are found.
2020-08-06 17:42:28  http://tropicalfruitforum.com/index.php?board=5.0&page=3 (0.137368s)
2020-08-06 17:42:28  30 elements are found.
2020-08-06 17:42:34  http://tropicalfruitforum.com/index.php?board=5.0&page=4 (0.126581s)
2020-08-06 17:42:34  30 elements are found.
2020-08-06 17:42:40  http://tropicalfruitforum.com/index.php?board=5.0&page=5 (0.120113s)
2020-08-06 17:42:40  30 elements are found.
2020-08-06 17:42:46  http://tropicalfruitforum.com/index.php?board=5.0&page=6 (0.127006s)
2020-08-06 17:42:46  30 elements are found.
2020-08-06 17:42:52  http://tropicalfruitforum.com/index.php?board=5.0&page=7 (0.125462s)
2020-08-06 17:42:52  30 elements are found.
2020-08-06 17:45:38  Centipede starts!
2020-08-06 17:45:38  Job filename: /home/jeff/ForumCrawler/tropical_job.2020-08-07.jobs
2020-08-06 17:45:38  Finding next job.
2020-08-06 17:45:38  module: tropical_thread, URL: http://tropicalfruitforum.com/index.php?board=5.0
2020-08-06 17:45:38  Job started.
2020-08-06 17:45:38  http://tropicalfruitforum.com/index.php?board=5.0&page=1 (0.13746s)
2020-08-06 17:45:38  30 elements are found.
2020-08-06 17:45:44  http://tropicalfruitforum.com/index.php?board=5.0&page=2 (0.123602s)
2020-08-06 17:45:44  30 elements are found.
2020-08-06 17:45:51  http://tropicalfruitforum.com/index.php?board=5.0&page=3 (0.123821s)
2020-08-06 17:45:51  30 elements are found.
2020-08-06 17:46:15  Centipede starts!
2020-08-06 17:46:15  Job filename: /home/jeff/ForumCrawler/tropical_job.2020-08-07.jobs
2020-08-06 17:46:15  Finding next job.
2020-08-06 17:46:15  module: tropical_thread, URL: http://tropicalfruitforum.com/index.php?board=5.0
2020-08-06 17:46:15  Job started.
2020-08-06 17:46:15  http://tropicalfruitforum.com/index.php?board=5.0&page=1 (0.118351s)
2020-08-06 17:46:15  30 elements are found.
2020-08-06 17:47:19  Centipede starts!
2020-08-06 17:47:19  Job filename: /home/jeff/ForumCrawler/tropical_job.2020-08-07.jobs
2020-08-06 17:47:19  Finding next job.
2020-08-06 17:47:19  module: tropical_thread, URL: http://tropicalfruitforum.com/index.php?board=5.0
2020-08-06 17:47:19  Job started.
2020-08-06 17:47:20  http://tropicalfruitforum.com/index.php?board=5.0&page=1 (0.129678s)
2020-08-06 17:47:20  30 elements are found.
2020-08-06 17:47:26  http://tropicalfruitforum.com/index.php?board=5.0&page=2 (0.136221s)
2020-08-06 17:47:26  30 elements are found.
2020-08-06 17:47:32  http://tropicalfruitforum.com/index.php?board=5.0&page=3 (0.129543s)
2020-08-06 17:47:32  30 elements are found.
2020-08-06 17:47:38  http://tropicalfruitforum.com/index.php?board=5.0&page=4 (0.127795s)
2020-08-06 17:47:38  30 elements are found.
2020-08-06 17:47:44  http://tropicalfruitforum.com/index.php?board=5.0&page=5 (0.126806s)
2020-08-06 17:47:44  30 elements are found.
2020-08-06 17:47:51  http://tropicalfruitforum.com/index.php?board=5.0&page=6 (0.131527s)
2020-08-06 17:47:51  30 elements are found.
2020-08-06 17:47:57  http://tropicalfruitforum.com/index.php?board=5.0&page=7 (0.11977s)
2020-08-06 17:47:57  30 elements are found.
2020-08-06 17:48:56  Centipede starts!
2020-08-06 17:48:56  Job filename: /home/jeff/ForumCrawler/tropical_job.2020-08-07.jobs
2020-08-06 17:48:56  Finding next job.
2020-08-06 17:48:56  module: tropical_thread, URL: http://tropicalfruitforum.com/index.php?board=19.0
2020-08-06 17:48:56  Job started.
2020-08-06 17:48:56  http://tropicalfruitforum.com/index.php?board=19.0&page=1 (0.12799s)
2020-08-06 17:48:56  30 elements are found.
2020-08-06 17:49:03  http://tropicalfruitforum.com/index.php?board=19.0&page=2 (0.119787s)
2020-08-06 17:49:03  30 elements are found.
2020-08-06 17:49:09  http://tropicalfruitforum.com/index.php?board=19.0&page=3 (0.126849s)
2020-08-06 17:49:09  30 elements are found.
2020-08-06 17:49:15  http://tropicalfruitforum.com/index.php?board=19.0&page=4 (0.122973s)
2020-08-06 17:49:15  30 elements are found.
2020-08-06 17:49:21  http://tropicalfruitforum.com/index.php?board=19.0&page=5 (0.127713s)
2020-08-06 17:49:21  30 elements are found.
2020-08-06 17:49:27  http://tropicalfruitforum.com/index.php?board=19.0&page=6 (0.127541s)
2020-08-06 17:49:27  30 elements are found.
2020-08-06 17:49:33  http://tropicalfruitforum.com/index.php?board=19.0&page=7 (0.128578s)
2020-08-06 17:49:34  30 elements are found.
2020-08-06 17:49:40  http://tropicalfruitforum.com/index.php?board=19.0&page=8 (0.133246s)
2020-08-06 17:49:40  30 elements are found.
2020-08-06 17:49:46  http://tropicalfruitforum.com/index.php?board=19.0&page=9 (0.138945s)
2020-08-06 17:49:46  30 elements are found.
2020-08-06 17:49:53  http://tropicalfruitforum.com/index.php?board=19.0&page=10 (0.178307s)
2020-08-06 17:49:53  30 elements are found.
2020-08-06 18:37:40  Centipede starts!
2020-08-06 18:37:40  Job filename: /home/jeff/ForumCrawler/tropical_job.2020-08-07.jobs
2020-08-06 18:37:40  Finding next job.
2020-08-06 18:37:40  module: tropical_thread, URL: http://tropicalfruitforum.com/index.php?board=19.0
2020-08-06 18:37:40  Job started.
2020-08-06 18:37:40  http://tropicalfruitforum.com/index.php?board=19.0&page=1 (0.127808s)
2020-08-06 18:37:40  30 elements are found.
2020-08-06 18:37:46  http://tropicalfruitforum.com/index.php?board=19.0&page=1.3 (0.150375s)
2020-08-06 18:37:46  30 elements are found.
2020-08-06 18:45:21  Centipede starts!
2020-08-06 18:45:21  Job filename: /home/jeff/ForumCrawler/tropical_job.2020-08-07.jobs
2020-08-06 18:45:21  Finding next job.
2020-08-06 18:45:21  module: tropical_thread, URL: http://tropicalfruitforum.com/index.php?board=19.0
2020-08-06 18:45:21  Job started.
2020-08-06 18:45:21  http://tropicalfruitforum.com/index.php?board=19.0&page=1 (0.13667s)
2020-08-06 18:45:21  30 elements are found.
2020-08-06 18:45:28  http://tropicalfruitforum.com/index.php?board=19.0&page=1.3 (0.118658s)
2020-08-06 18:45:28  30 elements are found.
2020-08-06 18:45:34  http://tropicalfruitforum.com/index.php?board=19.0&page=1.6 (0.130754s)
2020-08-06 18:45:34  30 elements are found.
2020-08-06 18:45:40  http://tropicalfruitforum.com/index.php?board=19.0&page=1.9 (0.13201s)
2020-08-06 18:45:40  30 elements are found.
2020-08-06 18:45:46  http://tropicalfruitforum.com/index.php?board=19.0&page=2.2 (0.127845s)
2020-08-06 18:45:46  30 elements are found.
2020-08-06 18:45:52  http://tropicalfruitforum.com/index.php?board=19.0&page=2.5 (0.141509s)
2020-08-06 18:45:52  30 elements are found.
2020-08-06 18:45:59  http://tropicalfruitforum.com/index.php?board=19.0&page=2.8 (0.124649s)
2020-08-06 18:45:59  30 elements are found.
2020-08-06 18:46:45  Centipede starts!
2020-08-06 18:46:45  Job filename: /home/jeff/ForumCrawler/tropical_job.2020-08-07.jobs
2020-08-06 18:46:45  Finding next job.
2020-08-06 18:46:45  module: tropical_thread, URL: http://tropicalfruitforum.com/index.php?board=19.0
2020-08-06 18:46:45  Job started.
2020-08-06 18:46:45  http://tropicalfruitforum.com/index.php?board=19.0&page=1 (0.117816s)
2020-08-06 18:46:45  30 elements are found.
2020-08-06 18:46:52  http://tropicalfruitforum.com/index.php?board=19.0&page=1.3 (0.124861s)
2020-08-06 18:46:52  30 elements are found.
2020-08-06 18:47:24  Centipede starts!
2020-08-06 18:47:24  Job filename: /home/jeff/ForumCrawler/tropical_job.2020-08-07.jobs
2020-08-06 18:47:24  Finding next job.
2020-08-06 18:47:24  module: tropical_thread, URL: http://tropicalfruitforum.com/index.php?board=19.0
2020-08-06 18:47:24  Job started.
2020-08-06 18:47:25  http://tropicalfruitforum.com/index.php?board=19.0&page=1 (0.123646s)
2020-08-06 18:47:25  30 elements are found.
2020-08-06 18:47:31  http://tropicalfruitforum.com/index.php?board=19.0&page=1.3 (0.14971s)
2020-08-06 18:47:31  30 elements are found.
2020-08-06 18:47:37  http://tropicalfruitforum.com/index.php?board=19.0&page=1.6 (0.132934s)
2020-08-06 18:47:37  30 elements are found.
2020-08-06 18:47:43  http://tropicalfruitforum.com/index.php?board=19.0&page=1.9 (0.146514s)
2020-08-06 18:47:43  30 elements are found.
2020-08-06 18:49:00  Centipede starts!
2020-08-06 18:49:00  Job filename: /home/jeff/ForumCrawler/tropical_job.2020-08-07.jobs
2020-08-06 18:49:00  Finding next job.
2020-08-06 18:49:00  module: tropical_thread, URL: http://tropicalfruitforum.com/index.php?board=19.0
2020-08-06 18:49:00  Job started.
2020-08-06 18:49:00  http://tropicalfruitforum.com/index.php?board=19.0&page=1 (0.139309s)
2020-08-06 18:49:00  30 elements are found.
2020-08-06 18:49:06  http://tropicalfruitforum.com/index.php?board=19.0&page=1.3 (0.117963s)
2020-08-06 18:49:06  30 elements are found.
2020-08-06 18:49:12  http://tropicalfruitforum.com/index.php?board=19.0&page=1.6 (0.128945s)
2020-08-06 18:49:12  30 elements are found.
2020-08-06 18:49:14  Centipede starts!
2020-08-06 18:49:14  Job filename: /home/jeff/ForumCrawler/tropical_job.2020-08-07.jobs
2020-08-06 18:49:14  Finding next job.
2020-08-06 18:49:14  module: tropical_thread, URL: http://tropicalfruitforum.com/index.php?board=19.0
2020-08-06 18:49:14  Job started.
2020-08-06 18:49:15  http://tropicalfruitforum.com/index.php?board=19.0&page=1 (0.223484s)
2020-08-06 18:49:15  30 elements are found.
2020-08-06 18:49:21  http://tropicalfruitforum.com/index.php?board=19.0&page=1.3 (0.129965s)
2020-08-06 18:49:21  30 elements are found.
2020-08-06 19:37:06  Centipede starts!
2020-08-06 19:37:06  Job filename: /home/jeff/ForumCrawler/tropical_job.2020-08-07.jobs
2020-08-06 19:37:06  Finding next job.
2020-08-06 19:37:06  module: tropical_thread, URL: http://tropicalfruitforum.com/index.php?board=19.0
2020-08-06 19:37:06  Job started.
2020-08-06 19:37:07  http://tropicalfruitforum.com/index.php?board=19.0&page=1 (0.226093s)
2020-08-06 19:37:07  30 elements are found.
2020-08-06 19:37:13  http://tropicalfruitforum.com/index.php?board=19.0&page=1.3 (0.1218s)
2020-08-06 19:37:13  30 elements are found.
2020-08-06 19:37:19  http://tropicalfruitforum.com/index.php?board=19.0&page=1.6 (0.13029s)
2020-08-06 19:37:19  30 elements are found.
2020-08-06 19:37:25  http://tropicalfruitforum.com/index.php?board=19.0&page=1.9 (0.114476s)
2020-08-06 19:37:25  30 elements are found.
2020-08-06 19:37:32  http://tropicalfruitforum.com/index.php?board=19.0&page=2.2 (0.154497s)
2020-08-06 19:37:32  30 elements are found.
2020-08-06 19:37:38  http://tropicalfruitforum.com/index.php?board=19.0&page=2.5 (0.123045s)
2020-08-06 19:37:38  30 elements are found.
2020-08-06 19:38:45  Centipede starts!
2020-08-06 19:38:45  Job filename: /home/jeff/ForumCrawler/tropical_job.2020-08-07.jobs
2020-08-06 19:38:45  Finding next job.
2020-08-06 19:38:45  module: tropical_thread, URL: http://tropicalfruitforum.com/index.php?board=19.0
2020-08-06 19:38:45  Job started.
2020-08-06 19:38:45  http://tropicalfruitforum.com/index.php?board=19.0&page=1 (0.121859s)
2020-08-06 19:38:45  30 elements are found.
2020-08-06 19:38:53  Centipede starts!
2020-08-06 19:38:53  Job filename: /home/jeff/ForumCrawler/tropical_job.2020-08-07.jobs
2020-08-06 19:38:53  Finding next job.
2020-08-06 19:38:53  module: tropical_thread, URL: http://tropicalfruitforum.com/index.php?board=19.0
2020-08-06 19:38:53  Job started.
2020-08-06 19:38:53  http://tropicalfruitforum.com/index.php?board=19.0&page=1 (0.167185s)
2020-08-06 19:38:53  30 elements are found.
2020-08-06 19:39:10  Centipede starts!
2020-08-06 19:39:10  Job filename: /home/jeff/ForumCrawler/tropical_job.2020-08-07.jobs
2020-08-06 19:39:10  Finding next job.
2020-08-06 19:39:10  module: tropical_thread, URL: http://tropicalfruitforum.com/index.php?board=19.0
2020-08-06 19:39:10  Job started.
2020-08-06 19:39:10  http://tropicalfruitforum.com/index.php?board=19.0&page=1 (0.115102s)
2020-08-06 19:39:10  30 elements are found.
2020-08-06 19:39:31  Centipede starts!
2020-08-06 19:39:31  Job filename: /home/jeff/ForumCrawler/tropical_job.2020-08-07.jobs
2020-08-06 19:39:31  Finding next job.
2020-08-06 19:39:31  module: tropical_thread, URL: http://tropicalfruitforum.com/index.php?board=19.0
2020-08-06 19:39:31  Job started.
2020-08-06 19:39:31  http://tropicalfruitforum.com/index.php?board=19.0&page=1 (0.119279s)
2020-08-06 19:39:31  30 elements are found.
2020-08-06 19:39:37  http://tropicalfruitforum.com/index.php?board=19.0&page=1.3 (0.171961s)
2020-08-06 19:39:37  30 elements are found.
2020-08-06 19:39:42  Centipede starts!
2020-08-06 19:39:42  Job filename: /home/jeff/ForumCrawler/tropical_job.2020-08-07.jobs
2020-08-06 19:39:42  Finding next job.
2020-08-06 19:39:42  module: tropical_thread, URL: http://tropicalfruitforum.com/index.php?board=19.0
2020-08-06 19:39:42  Job started.
2020-08-06 19:39:43  http://tropicalfruitforum.com/index.php?board=19.0&page=1 (0.129569s)
2020-08-06 19:39:43  30 elements are found.
2020-08-06 19:39:49  http://tropicalfruitforum.com/index.php?board=19.0&page=1.3 (0.119295s)
2020-08-06 19:39:49  30 elements are found.
2020-08-06 19:39:55  http://tropicalfruitforum.com/index.php?board=19.0&page=1.6 (0.138698s)
2020-08-06 19:39:55  30 elements are found.
2020-08-06 19:40:01  http://tropicalfruitforum.com/index.php?board=19.0&page=1.9 (0.151646s)
2020-08-06 19:40:01  30 elements are found.
2020-08-06 19:40:08  http://tropicalfruitforum.com/index.php?board=19.0&page=2.2 (0.128598s)
2020-08-06 19:40:08  30 elements are found.
2020-08-06 19:40:14  http://tropicalfruitforum.com/index.php?board=19.0&page=2.5 (0.134508s)
2020-08-06 19:40:14  30 elements are found.
2020-08-06 19:40:20  http://tropicalfruitforum.com/index.php?board=19.0&page=2.8 (0.14214s)
2020-08-06 19:40:20  30 elements are found.
2020-08-06 19:40:26  http://tropicalfruitforum.com/index.php?board=19.0&page=3.1 (0.134009s)
2020-08-06 19:40:26  30 elements are found.
2020-08-06 19:40:32  http://tropicalfruitforum.com/index.php?board=19.0&page=3.4 (0.122529s)
2020-08-06 19:40:32  30 elements are found.
2020-08-06 19:40:38  http://tropicalfruitforum.com/index.php?board=19.0&page=3.7 (0.135491s)
2020-08-06 19:40:38  30 elements are found.
2020-08-06 19:42:03  Centipede starts!
2020-08-06 19:42:03  Job filename: /home/jeff/ForumCrawler/tropical_job.2020-08-07.jobs
2020-08-06 19:42:03  Finding next job.
2020-08-06 19:42:03  module: tropical_thread, URL: http://tropicalfruitforum.com/index.php?board=19.0
2020-08-06 19:42:03  Job started.
2020-08-06 19:42:03  http://tropicalfruitforum.com/index.php?board=19.0&page=1 (0.114616s)
2020-08-06 19:42:03  30 elements are found.
2020-08-06 19:42:09  http://tropicalfruitforum.com/index.php?board=19.0&page=1.3 (0.122405s)
2020-08-06 19:42:09  30 elements are found.
2020-08-06 19:42:15  http://tropicalfruitforum.com/index.php?board=19.0&page=1.6 (0.123621s)
2020-08-06 19:42:15  30 elements are found.
2020-08-06 19:42:22  http://tropicalfruitforum.com/index.php?board=19.0&page=1.9 (0.135806s)
2020-08-06 19:42:22  30 elements are found.
2020-08-06 19:43:33  Centipede starts!
2020-08-06 19:43:33  Job filename: /home/jeff/ForumCrawler/tropical_job.2020-08-07.jobs
2020-08-06 19:43:33  Finding next job.
2020-08-06 19:43:33  module: tropical_thread, URL: http://tropicalfruitforum.com/index.php?board=19.0
2020-08-06 19:43:33  Job started.
2020-08-06 19:43:33  http://tropicalfruitforum.com/index.php?board=19.0&page=1 (0.339371s)
2020-08-06 19:43:33  30 elements are found.
2020-08-06 19:43:54  Centipede starts!
2020-08-06 19:43:54  Job filename: /home/jeff/ForumCrawler/tropical_job.2020-08-07.jobs
2020-08-06 19:43:54  Finding next job.
2020-08-06 19:43:54  module: tropical_thread, URL: http://tropicalfruitforum.com/index.php?board=19.0
2020-08-06 19:43:54  Job started.
2020-08-06 19:43:54  http://tropicalfruitforum.com/index.php?board=19.0&page=1 (0.185713s)
2020-08-06 19:43:54  30 elements are found.
2020-08-06 19:45:24  Centipede starts!
2020-08-06 19:45:24  Job filename: /home/jeff/ForumCrawler/tropical_job.2020-08-07.jobs
2020-08-06 19:45:24  Finding next job.
2020-08-06 19:45:24  module: tropical_thread, URL: http://tropicalfruitforum.com/index.php?board=19.0
2020-08-06 19:45:24  Job started.
2020-08-06 19:45:24  http://tropicalfruitforum.com/index.php?board=19.0&page=1 (0.165132s)
2020-08-06 19:45:24  30 elements are found.
2020-08-06 19:45:39  Centipede starts!
2020-08-06 19:45:39  Job filename: /home/jeff/ForumCrawler/tropical_job.2020-08-07.jobs
2020-08-06 19:45:39  Finding next job.
2020-08-06 19:45:39  module: tropical_thread, URL: http://tropicalfruitforum.com/index.php?board=19.0
2020-08-06 19:45:39  Job started.
2020-08-06 19:45:40  http://tropicalfruitforum.com/index.php?board=19.0&page=1 (0.123014s)
2020-08-06 19:45:40  30 elements are found.
2020-08-06 19:51:38  Centipede starts!
2020-08-06 19:51:38  Job filename: /home/jeff/ForumCrawler/tropical_job.2020-08-07.jobs
2020-08-06 19:51:38  Finding next job.
2020-08-06 19:51:38  module: tropical_thread, URL: http://tropicalfruitforum.com/index.php?board=19.0
2020-08-06 19:51:38  Job started.
2020-08-06 19:51:38  http://tropicalfruitforum.com/index.php?board=19.0&page=1 (0.15229s)
2020-08-06 19:51:38  30 elements are found.
2020-08-06 19:51:45  http://tropicalfruitforum.com/index.php?board=19.0&page=1.3 (0.13159s)
2020-08-06 19:51:45  30 elements are found.
2020-08-06 19:52:53  Centipede starts!
2020-08-06 19:52:53  Job filename: /home/jeff/ForumCrawler/tropical_job.2020-08-07.jobs
2020-08-06 19:52:53  Finding next job.
2020-08-06 19:52:53  module: tropical_thread, URL: http://tropicalfruitforum.com/index.php?board=19.0
2020-08-06 19:52:53  Job started.
2020-08-06 19:52:53  http://tropicalfruitforum.com/index.php?board=19.0&page=1 (0.155721s)
2020-08-06 19:52:53  30 elements are found.
2020-08-06 19:52:59  http://tropicalfruitforum.com/index.php?board=19.0&page=1.3 (0.134812s)
2020-08-06 19:52:59  30 elements are found.
2020-08-06 19:53:06  http://tropicalfruitforum.com/index.php?board=19.0&page=1.6 (0.120772s)
2020-08-06 19:53:06  30 elements are found.
2020-08-06 19:54:03  Centipede starts!
2020-08-06 19:54:03  Job filename: /home/jeff/ForumCrawler/tropical_job.2020-08-07.jobs
2020-08-06 19:54:03  Finding next job.
2020-08-06 19:54:03  module: tropical_thread, URL: http://tropicalfruitforum.com/index.php?board=19.0
2020-08-06 19:54:03  Job started.
2020-08-06 19:54:12  Centipede starts!
2020-08-06 19:54:12  Job filename: /home/jeff/ForumCrawler/tropical_job.2020-08-07.jobs
2020-08-06 19:54:12  Finding next job.
2020-08-06 19:54:12  module: tropical_thread, URL: http://tropicalfruitforum.com/index.php?board=19.0
2020-08-06 19:54:12  Job started.
2020-08-06 19:54:19  Centipede starts!
2020-08-06 19:54:19  Job filename: /home/jeff/ForumCrawler/tropical_job.2020-08-07.jobs
2020-08-06 19:54:19  Finding next job.
2020-08-06 19:54:19  module: tropical_thread, URL: http://tropicalfruitforum.com/index.php?board=19.0
2020-08-06 19:54:19  Job started.
2020-08-06 19:54:20  http://tropicalfruitforum.com/index.php?board=19.0&page=1 (0.192481s)
2020-08-06 19:54:20  30 elements are found.
2020-08-06 19:54:26  http://tropicalfruitforum.com/index.php?board=19.0&page=1.3 (0.132428s)
2020-08-06 19:54:26  30 elements are found.
2020-08-06 19:56:38  Centipede starts!
2020-08-06 19:56:38  Job filename: /home/jeff/ForumCrawler/tropical_job.2020-08-07.jobs
2020-08-06 19:56:38  Finding next job.
2020-08-06 19:56:38  module: tropical_thread, URL: http://tropicalfruitforum.com/index.php?board=19.0
2020-08-06 19:56:38  Job started.
2020-08-06 19:56:39  http://tropicalfruitforum.com/index.php?board=19.0&page=1 (0.122377s)
2020-08-06 19:56:39  30 elements are found.
2020-08-06 19:56:45  http://tropicalfruitforum.com/index.php?board=19.0&page=1.3 (0.123924s)
2020-08-06 19:56:45  30 elements are found.
2020-08-06 19:57:30  Centipede starts!
2020-08-06 19:57:30  Job filename: /home/jeff/ForumCrawler/tropical_job.2020-08-07.jobs
2020-08-06 19:57:30  Finding next job.
2020-08-06 19:57:30  module: tropical_thread, URL: http://tropicalfruitforum.com/index.php?board=19.0
2020-08-06 19:57:30  Job started.
2020-08-06 19:57:30  http://tropicalfruitforum.com/index.php?board=19.0&page=1 (0.122543s)
2020-08-06 19:57:30  30 elements are found.
2020-08-06 19:57:36  http://tropicalfruitforum.com/index.php?board=19.0&page=1.3 (0.119368s)
2020-08-06 19:57:36  30 elements are found.
2020-08-06 19:57:39  Centipede starts!
2020-08-06 19:57:39  Job filename: /home/jeff/ForumCrawler/tropical_job.2020-08-07.jobs
2020-08-06 19:57:39  Finding next job.
2020-08-06 19:57:39  module: tropical_thread, URL: http://tropicalfruitforum.com/index.php?board=19.0
2020-08-06 19:57:39  Job started.
2020-08-06 19:57:39  http://tropicalfruitforum.com/index.php?board=19.0&page=1 (0.112992s)
2020-08-06 19:57:39  30 elements are found.
2020-08-06 19:57:45  Centipede starts!
2020-08-06 19:57:45  Job filename: /home/jeff/ForumCrawler/tropical_job.2020-08-07.jobs
2020-08-06 19:57:45  Finding next job.
2020-08-06 19:57:45  module: tropical_thread, URL: http://tropicalfruitforum.com/index.php?board=19.0
2020-08-06 19:57:45  Job started.
2020-08-06 19:57:45  http://tropicalfruitforum.com/index.php?board=19.0&page=1 (0.144385s)
2020-08-06 19:57:45  30 elements are found.
2020-08-06 19:57:51  http://tropicalfruitforum.com/index.php?board=19.0&page=1.3 (0.122825s)
2020-08-06 19:57:51  30 elements are found.
2020-08-06 19:57:58  http://tropicalfruitforum.com/index.php?board=19.0&page=1.6 (0.128673s)
2020-08-06 19:57:58  30 elements are found.
2020-08-06 19:58:04  http://tropicalfruitforum.com/index.php?board=19.0&page=1.9 (0.132649s)
2020-08-06 19:58:04  30 elements are found.
2020-08-06 20:00:52  Centipede starts!
2020-08-06 20:00:52  Job filename: /home/jeff/ForumCrawler/tropical_job.2020-08-07.jobs
2020-08-06 20:00:52  Finding next job.
2020-08-06 20:00:52  module: tropical_thread, URL: http://tropicalfruitforum.com/index.php?board=19.0
2020-08-06 20:00:52  Job started.
2020-08-06 20:00:52  http://tropicalfruitforum.com/index.php?board=19.0&page=1 (0.116013s)
2020-08-06 20:00:52  30 elements are found.
2020-08-06 20:02:26  Centipede starts!
2020-08-06 20:02:26  Job filename: /home/jeff/ForumCrawler/tropical_job.2020-08-07.jobs
2020-08-06 20:02:26  Finding next job.
2020-08-06 20:02:26  module: tropical_thread, URL: http://tropicalfruitforum.com/index.php?board=19.0
2020-08-06 20:02:26  Job started.
2020-08-06 20:02:27  http://tropicalfruitforum.com/index.php?board=19.0&page=1 (0.144875s)
2020-08-06 20:02:27  30 elements are found.
2020-08-06 20:04:31  Centipede starts!
2020-08-06 20:04:31  Job filename: /home/jeff/ForumCrawler/tropical_job.2020-08-07.jobs
2020-08-06 20:04:31  Finding next job.
2020-08-06 20:04:31  module: tropical_thread, URL: http://tropicalfruitforum.com/index.php?board=19.0
2020-08-06 20:04:31  Job started.
2020-08-06 20:04:31  http://tropicalfruitforum.com/index.php?board=19.0&page=1 (0.121754s)
2020-08-06 20:04:31  30 elements are found.
2020-08-06 20:05:15  Centipede starts!
2020-08-06 20:05:15  Job filename: /home/jeff/ForumCrawler/tropical_job.2020-08-07.jobs
2020-08-06 20:05:15  Finding next job.
2020-08-06 20:05:15  module: tropical_thread, URL: http://tropicalfruitforum.com/index.php?board=19.0
2020-08-06 20:05:15  Job started.
2020-08-06 20:05:16  http://tropicalfruitforum.com/index.php?board=19.0&page=1 (0.124832s)
2020-08-06 20:05:16  30 elements are found.
2020-08-06 20:06:20  Centipede starts!
2020-08-06 20:06:20  Job filename: /home/jeff/ForumCrawler/tropical_job.2020-08-07.jobs
2020-08-06 20:06:20  Finding next job.
2020-08-06 20:06:20  module: tropical_thread, URL: http://tropicalfruitforum.com/index.php?board=19.0
2020-08-06 20:06:20  Job started.
2020-08-06 20:06:20  http://tropicalfruitforum.com/index.php?board=19.0&page=1 (0.122622s)
2020-08-06 20:06:20  30 elements are found.
2020-08-06 20:06:26  http://tropicalfruitforum.com/index.php?board=19.0&page=1.3 (0.124869s)
2020-08-06 20:06:26  30 elements are found.
2020-08-06 20:06:50  Centipede starts!
2020-08-06 20:06:50  Job filename: /home/jeff/ForumCrawler/tropical_job.2020-08-07.jobs
2020-08-06 20:06:50  Finding next job.
2020-08-06 20:06:50  module: tropical_thread, URL: http://tropicalfruitforum.com/index.php?board=19.0
2020-08-06 20:06:50  Job started.
2020-08-06 20:08:15  Centipede starts!
2020-08-06 20:08:15  Job filename: /home/jeff/ForumCrawler/tropical_job.2020-08-07.jobs
2020-08-06 20:08:15  Finding next job.
2020-08-06 20:08:15  module: tropical_thread, URL: http://tropicalfruitforum.com/index.php?board=19.0
2020-08-06 20:08:15  Job started.
