2020-08-03 09:01:36  Centipede starts!
2020-08-03 09:01:36  Job filename: /home/jeff/ForumCrawler/wilder_job.2020-08-03.jobs
2020-08-03 09:01:36  Finding next job.
2020-08-03 09:01:36  module: wildersecurity_thread, URL: https://www.wilderssecurity.com/forums/mobile-device-security.141/
2020-08-03 09:01:36  Job started.
2020-08-03 09:01:36  [InvalidHeader] Value for header {DNT: 1} must be of type str or bytes, not <type 'int'>
2020-08-03 09:01:36  [InvalidHeader] sleep 1 minutes..
2020-08-03 09:02:15  Centipede starts!
2020-08-03 09:02:15  Job filename: /home/jeff/ForumCrawler/wilder_job.2020-08-03.jobs
2020-08-03 09:02:15  Finding next job.
2020-08-03 09:02:15  module: wildersecurity_thread, URL: https://www.wilderssecurity.com/forums/mobile-device-security.141/
2020-08-03 09:02:15  Job started.
2020-08-03 09:02:15  [InvalidHeader] Value for header {DNT: 1} must be of type str or bytes, not <type 'int'>
2020-08-03 09:02:15  [InvalidHeader] sleep 1 minutes..
2020-08-03 09:02:34  Centipede starts!
2020-08-03 09:02:34  Job filename: /home/jeff/ForumCrawler/wilder_job.2020-08-03.jobs
2020-08-03 09:02:34  Finding next job.
2020-08-03 09:02:34  module: wildersecurity_thread, URL: https://www.wilderssecurity.com/forums/mobile-device-security.141/
2020-08-03 09:02:34  Job started.
2020-08-03 09:02:35  https://www.wilderssecurity.com/forums/mobile-device-security.141/?page=1 (0.311873s)
2020-08-03 09:02:35  25 elements are found.
2020-08-03 09:02:35  Adding new jobs:
2020-08-03 09:02:35  25 new jobs are added.
2020-08-03 09:02:41  Job done, dumping the data.
2020-08-03 09:02:41  25 records are dumped to '/home/jeff/ForumCrawler/tmp/wilder_job.2020-08-03/https_www.wilderssecurity.com_forums_mobile-device-security.141.json'
2020-08-03 09:02:41  Job closed.
2020-08-03 09:02:41  Finding next job.
2020-08-03 09:02:41  module: wildersecurity_questions, URL: http://www.wilderssecurity.com/threads/pwn2own-tokyo-2020-zdi-announces-hacking-competition.431120/
2020-08-03 09:02:41  Job started.
2020-08-03 09:02:41  https://www.wilderssecurity.com/threads/pwn2own-tokyo-2020-zdi-announces-hacking-competition.431120/?page=1 (0.11689s)
2020-08-03 09:02:41  2 elements are found.
2020-08-03 09:02:47  Job done, dumping the data.
2020-08-03 09:02:47  2 records are dumped to '/home/jeff/ForumCrawler/tmp/wilder_job.2020-08-03/http_www.wilderssecurity.com_threads_pwn2own-tokyo-2020-zdi-announces-hacking-competition.431120.json'
2020-08-03 09:02:47  Job closed.
2020-08-03 09:02:47  Finding next job.
2020-08-03 09:02:47  module: wildersecurity_questions, URL: http://www.wilderssecurity.com/threads/lokibot-redux-attacks-massive-list-of-common-android-apps.430735/
2020-08-03 09:02:47  Job started.
2020-08-03 09:02:47  https://www.wilderssecurity.com/threads/lokibot-redux-attacks-massive-list-of-common-android-apps.430735/?page=1 (0.11529s)
2020-08-03 09:02:47  3 elements are found.
2020-08-03 09:02:53  Job done, dumping the data.
2020-08-03 09:02:53  3 records are dumped to '/home/jeff/ForumCrawler/tmp/wilder_job.2020-08-03/http_www.wilderssecurity.com_threads_lokibot-redux-attacks-massive-list-of-common-android-apps.430735.json'
2020-08-03 09:02:53  Job closed.
2020-08-03 09:02:53  Finding next job.
2020-08-03 09:02:53  module: wildersecurity_questions, URL: http://www.wilderssecurity.com/threads/ee-launches-set-up-safe-service-for-parents-to-protect-children-online.431142/
2020-08-03 09:02:53  Job started.
2020-08-03 09:02:54  https://www.wilderssecurity.com/threads/ee-launches-set-up-safe-service-for-parents-to-protect-children-online.431142/?page=1 (0.106156s)
2020-08-03 09:02:54  1 elements are found.
2020-08-03 09:03:00  Job done, dumping the data.
2020-08-03 09:03:00  1 records are dumped to '/home/jeff/ForumCrawler/tmp/wilder_job.2020-08-03/http_www.wilderssecurity.com_threads_ee-launches-set-up-safe-service-for-parents-to-protect-children-online.431142.json'
2020-08-03 09:03:00  Job closed.
2020-08-03 09:03:00  Finding next job.
2020-08-03 09:03:00  module: wildersecurity_questions, URL: http://www.wilderssecurity.com/threads/cerberus-android-malware-source-code-offered-for-sale-for-100-000.431064/
2020-08-03 09:03:00  Job started.
2020-08-03 09:03:00  https://www.wilderssecurity.com/threads/cerberus-android-malware-source-code-offered-for-sale-for-100-000.431064/?page=1 (0.11085s)
2020-08-03 09:03:00  1 elements are found.
2020-08-03 09:03:06  Job done, dumping the data.
2020-08-03 09:03:06  1 records are dumped to '/home/jeff/ForumCrawler/tmp/wilder_job.2020-08-03/http_www.wilderssecurity.com_threads_cerberus-android-malware-source-code-offered-for-sale-for-100-000.431064.json'
2020-08-03 09:03:06  Job closed.
2020-08-03 09:03:06  Finding next job.
2020-08-03 09:03:06  module: wildersecurity_questions, URL: http://www.wilderssecurity.com/threads/lineageos-17-available.427559/
2020-08-03 09:03:06  Job started.
2020-08-03 09:03:06  https://www.wilderssecurity.com/threads/lineageos-17-available.427559/?page=1 (0.126218s)
2020-08-03 09:03:06  4 elements are found.
2020-08-03 09:03:12  Job done, dumping the data.
2020-08-03 09:03:12  4 records are dumped to '/home/jeff/ForumCrawler/tmp/wilder_job.2020-08-03/http_www.wilderssecurity.com_threads_lineageos-17-available.427559.json'
2020-08-03 09:03:12  Job closed.
2020-08-03 09:03:12  Finding next job.
2020-08-03 09:03:12  module: wildersecurity_questions, URL: http://www.wilderssecurity.com/threads/fraudulent-photo-app-operation-detected-on-google-store.430984/
2020-08-03 09:03:12  Job started.
2020-08-03 09:03:12  https://www.wilderssecurity.com/threads/fraudulent-photo-app-operation-detected-on-google-store.430984/?page=1 (0.109299s)
2020-08-03 09:03:12  1 elements are found.
2020-08-03 09:03:18  Job done, dumping the data.
2020-08-03 09:03:18  1 records are dumped to '/home/jeff/ForumCrawler/tmp/wilder_job.2020-08-03/http_www.wilderssecurity.com_threads_fraudulent-photo-app-operation-detected-on-google-store.430984.json'
2020-08-03 09:03:18  Job closed.
2020-08-03 09:03:18  Finding next job.
2020-08-03 09:03:18  module: wildersecurity_questions, URL: http://www.wilderssecurity.com/threads/verizon-rolls-out-call-filter-a-free-anti-robocall-app-for-its-android-and-ios-users.415067/
2020-08-03 09:03:18  Job started.
2020-08-03 09:03:18  https://www.wilderssecurity.com/threads/verizon-rolls-out-call-filter-a-free-anti-robocall-app-for-its-android-and-ios-users.415067/?page=1 (0.110432s)
2020-08-03 09:03:18  4 elements are found.
2020-08-03 09:03:24  Job done, dumping the data.
2020-08-03 09:03:24  4 records are dumped to '/home/jeff/ForumCrawler/tmp/wilder_job.2020-08-03/http_www.wilderssecurity.com_threads_verizon-rolls-out-call-filter-a-free-anti-robocall-app-for-its-android-and-ios-users.415067.json'
2020-08-03 09:03:24  Job closed.
2020-08-03 09:03:24  Finding next job.
2020-08-03 09:03:24  module: wildersecurity_questions, URL: http://www.wilderssecurity.com/threads/apple-is-giving-jailbroken-iphones-to-hackers-to-tighten-ios-security.419502/
2020-08-03 09:03:24  Job started.
2020-08-03 09:03:24  https://www.wilderssecurity.com/threads/apple-is-giving-jailbroken-iphones-to-hackers-to-tighten-ios-security.419502/?page=1 (0.126507s)
2020-08-03 09:03:24  3 elements are found.
2020-08-03 09:03:30  Job done, dumping the data.
2020-08-03 09:03:30  3 records are dumped to '/home/jeff/ForumCrawler/tmp/wilder_job.2020-08-03/http_www.wilderssecurity.com_threads_apple-is-giving-jailbroken-iphones-to-hackers-to-tighten-ios-security.419502.json'
2020-08-03 09:03:30  Job closed.
2020-08-03 09:03:30  Finding next job.
2020-08-03 09:03:30  module: wildersecurity_questions, URL: http://www.wilderssecurity.com/threads/camera-privacy-bug-found-in-firefox-android-in-2019-hasnt-been-fixed-yet.430912/
2020-08-03 09:03:30  Job started.
2020-08-03 09:03:31  https://www.wilderssecurity.com/threads/camera-privacy-bug-found-in-firefox-android-in-2019-hasnt-been-fixed-yet.430912/?page=1 (0.112404s)
2020-08-03 09:03:31  1 elements are found.
2020-08-03 09:03:37  Job done, dumping the data.
2020-08-03 09:03:37  1 records are dumped to '/home/jeff/ForumCrawler/tmp/wilder_job.2020-08-03/http_www.wilderssecurity.com_threads_camera-privacy-bug-found-in-firefox-android-in-2019-hasnt-been-fixed-yet.430912.json'
2020-08-03 09:03:37  Job closed.
2020-08-03 09:03:37  Finding next job.
2020-08-03 09:03:37  module: wildersecurity_questions, URL: http://www.wilderssecurity.com/threads/apple-and-goldman-sachs-partnering-on-a-credit-card-for-the-iphone-wsj-says.413697/
2020-08-03 09:03:37  Job started.
2020-08-03 09:03:37  https://www.wilderssecurity.com/threads/apple-and-goldman-sachs-partnering-on-a-credit-card-for-the-iphone-wsj-says.413697/?page=1 (0.164471s)
2020-08-03 09:03:37  25 elements are found.
2020-08-03 09:03:43  https://www.wilderssecurity.com/threads/apple-and-goldman-sachs-partnering-on-a-credit-card-for-the-iphone-wsj-says.413697/page-2?page=2 (0.128409s)
2020-08-03 09:03:43  8 elements are found.
2020-08-03 09:03:49  Job done, dumping the data.
2020-08-03 09:03:49  33 records are dumped to '/home/jeff/ForumCrawler/tmp/wilder_job.2020-08-03/http_www.wilderssecurity.com_threads_apple-and-goldman-sachs-partnering-on-a-credit-card-for-the-iphone-wsj-says.413697.json'
2020-08-03 09:03:49  Job closed.
2020-08-03 09:03:49  Finding next job.
2020-08-03 09:03:49  module: wildersecurity_questions, URL: http://www.wilderssecurity.com/threads/secureaplus-mobile-version-android.399006/
2020-08-03 09:03:49  Job started.
2020-08-03 09:03:49  https://www.wilderssecurity.com/threads/secureaplus-mobile-version-android.399006/?page=1 (0.158604s)
2020-08-03 09:03:49  25 elements are found.
2020-08-03 09:03:56  https://www.wilderssecurity.com/threads/secureaplus-mobile-version-android.399006/page-2?page=2 (0.107721s)
2020-08-03 09:03:56  5 elements are found.
2020-08-03 09:04:02  Job done, dumping the data.
2020-08-03 09:04:02  30 records are dumped to '/home/jeff/ForumCrawler/tmp/wilder_job.2020-08-03/http_www.wilderssecurity.com_threads_secureaplus-mobile-version-android.399006.json'
2020-08-03 09:04:02  Job closed.
2020-08-03 09:04:02  Finding next job.
2020-08-03 09:04:02  module: wildersecurity_questions, URL: http://www.wilderssecurity.com/threads/is-there-a-way-to-remove-every-folders-and-data-left-uninstalling-an-app.430634/
2020-08-03 09:04:02  Job started.
2020-08-03 09:04:02  https://www.wilderssecurity.com/threads/is-there-a-way-to-remove-every-folders-and-data-left-uninstalling-an-app.430634/?page=1 (0.126278s)
2020-08-03 09:04:02  10 elements are found.
2020-08-03 09:04:08  Job done, dumping the data.
2020-08-03 09:04:08  10 records are dumped to '/home/jeff/ForumCrawler/tmp/wilder_job.2020-08-03/http_www.wilderssecurity.com_threads_is-there-a-way-to-remove-every-folders-and-data-left-uninstalling-an-app.430634.json'
2020-08-03 09:04:08  Job closed.
2020-08-03 09:04:08  Finding next job.
2020-08-03 09:04:08  module: wildersecurity_questions, URL: http://www.wilderssecurity.com/threads/whatsapp-vulnerability-allowed-secretive-installation-of-spyware.416619/
2020-08-03 09:04:08  Job started.
2020-08-03 09:04:08  https://www.wilderssecurity.com/threads/whatsapp-vulnerability-allowed-secretive-installation-of-spyware.416619/?page=1 (0.168175s)
2020-08-03 09:04:08  25 elements are found.
2020-08-03 09:04:14  https://www.wilderssecurity.com/threads/whatsapp-vulnerability-allowed-secretive-installation-of-spyware.416619/page-2?page=2 (0.106983s)
2020-08-03 09:04:14  2 elements are found.
2020-08-03 09:04:20  Job done, dumping the data.
2020-08-03 09:04:20  27 records are dumped to '/home/jeff/ForumCrawler/tmp/wilder_job.2020-08-03/http_www.wilderssecurity.com_threads_whatsapp-vulnerability-allowed-secretive-installation-of-spyware.416619.json'
2020-08-03 09:04:20  Job closed.
2020-08-03 09:04:20  Finding next job.
2020-08-03 09:04:20  module: wildersecurity_questions, URL: http://www.wilderssecurity.com/threads/what-is-your-android-security-setup-these-days.359465/
2020-08-03 09:04:20  Job started.
2020-08-03 09:04:21  https://www.wilderssecurity.com/threads/what-is-your-android-security-setup-these-days.359465/?page=1 (0.146013s)
2020-08-03 09:04:21  25 elements are found.
2020-08-03 09:04:27  https://www.wilderssecurity.com/threads/what-is-your-android-security-setup-these-days.359465/page-2?page=2 (0.145499s)
2020-08-03 09:04:27  25 elements are found.
2020-08-03 09:04:33  https://www.wilderssecurity.com/threads/what-is-your-android-security-setup-these-days.359465/page-3?page=3 (0.144769s)
2020-08-03 09:04:33  25 elements are found.
2020-08-03 09:04:40  https://www.wilderssecurity.com/threads/what-is-your-android-security-setup-these-days.359465/page-4?page=4 (0.157307s)
2020-08-03 09:04:40  25 elements are found.
2020-08-03 09:04:46  https://www.wilderssecurity.com/threads/what-is-your-android-security-setup-these-days.359465/page-5?page=5 (0.142052s)
2020-08-03 09:04:46  25 elements are found.
2020-08-03 09:04:52  https://www.wilderssecurity.com/threads/what-is-your-android-security-setup-these-days.359465/page-6?page=6 (0.156457s)
2020-08-03 09:04:52  25 elements are found.
2020-08-03 09:04:59  https://www.wilderssecurity.com/threads/what-is-your-android-security-setup-these-days.359465/page-7?page=7 (0.143694s)
2020-08-03 09:04:59  25 elements are found.
2020-08-03 09:05:05  https://www.wilderssecurity.com/threads/what-is-your-android-security-setup-these-days.359465/page-8?page=8 (0.159843s)
2020-08-03 09:05:05  25 elements are found.
2020-08-03 09:05:11  https://www.wilderssecurity.com/threads/what-is-your-android-security-setup-these-days.359465/page-9?page=9 (0.14869s)
2020-08-03 09:05:11  25 elements are found.
2020-08-03 09:05:18  https://www.wilderssecurity.com/threads/what-is-your-android-security-setup-these-days.359465/page-10?page=10 (0.154272s)
2020-08-03 09:05:18  25 elements are found.
2020-08-03 09:05:24  https://www.wilderssecurity.com/threads/what-is-your-android-security-setup-these-days.359465/page-11?page=11 (0.162824s)
2020-08-03 09:05:24  25 elements are found.
2020-08-03 09:05:30  https://www.wilderssecurity.com/threads/what-is-your-android-security-setup-these-days.359465/page-12?page=12 (0.142453s)
2020-08-03 09:05:30  25 elements are found.
2020-08-03 09:05:37  https://www.wilderssecurity.com/threads/what-is-your-android-security-setup-these-days.359465/page-13?page=13 (0.165911s)
2020-08-03 09:05:37  25 elements are found.
2020-08-03 09:05:43  https://www.wilderssecurity.com/threads/what-is-your-android-security-setup-these-days.359465/page-14?page=14 (0.138329s)
2020-08-03 09:05:43  25 elements are found.
2020-08-03 09:05:49  https://www.wilderssecurity.com/threads/what-is-your-android-security-setup-these-days.359465/page-15?page=15 (0.141404s)
2020-08-03 09:05:49  25 elements are found.
2020-08-03 09:05:55  https://www.wilderssecurity.com/threads/what-is-your-android-security-setup-these-days.359465/page-16?page=16 (0.149501s)
2020-08-03 09:05:55  25 elements are found.
2020-08-03 09:06:02  https://www.wilderssecurity.com/threads/what-is-your-android-security-setup-these-days.359465/page-17?page=17 (0.100831s)
2020-08-03 09:06:02  2 elements are found.
2020-08-03 09:06:08  Job done, dumping the data.
2020-08-03 09:06:08  402 records are dumped to '/home/jeff/ForumCrawler/tmp/wilder_job.2020-08-03/http_www.wilderssecurity.com_threads_what-is-your-android-security-setup-these-days.359465.json'
2020-08-03 09:06:08  Job closed.
2020-08-03 09:06:08  Finding next job.
2020-08-03 09:06:08  module: wildersecurity_questions, URL: http://www.wilderssecurity.com/threads/a-new-reason-to-not-buy-these-cheap-android-devices-complimentary-malware.404128/
2020-08-03 09:06:08  Job started.
2020-08-03 09:06:08  https://www.wilderssecurity.com/threads/a-new-reason-to-not-buy-these-cheap-android-devices-complimentary-malware.404128/?page=1 (0.150084s)
2020-08-03 09:06:08  17 elements are found.
2020-08-03 09:06:14  Job done, dumping the data.
2020-08-03 09:06:14  17 records are dumped to '/home/jeff/ForumCrawler/tmp/wilder_job.2020-08-03/http_www.wilderssecurity.com_threads_a-new-reason-to-not-buy-these-cheap-android-devices-complimentary-malware.404128.json'
2020-08-03 09:06:14  Job closed.
2020-08-03 09:06:14  Finding next job.
2020-08-03 09:06:14  module: wildersecurity_questions, URL: http://www.wilderssecurity.com/threads/mobile-banking-users-targeted-in-sms-phishing-campaign.426240/
2020-08-03 09:06:14  Job started.
2020-08-03 09:06:14  https://www.wilderssecurity.com/threads/mobile-banking-users-targeted-in-sms-phishing-campaign.426240/?page=1 (0.104413s)
2020-08-03 09:06:14  2 elements are found.
2020-08-03 09:06:20  Job done, dumping the data.
2020-08-03 09:06:20  2 records are dumped to '/home/jeff/ForumCrawler/tmp/wilder_job.2020-08-03/http_www.wilderssecurity.com_threads_mobile-banking-users-targeted-in-sms-phishing-campaign.426240.json'
2020-08-03 09:06:20  Job closed.
2020-08-03 09:06:20  Finding next job.
2020-08-03 09:06:20  module: wildersecurity_questions, URL: http://www.wilderssecurity.com/threads/need-android-texting-app-with-spam-blocking.430580/
2020-08-03 09:06:20  Job started.
2020-08-03 09:06:20  https://www.wilderssecurity.com/threads/need-android-texting-app-with-spam-blocking.430580/?page=1 (0.108122s)
2020-08-03 09:06:20  1 elements are found.
2020-08-03 09:06:26  Job done, dumping the data.
2020-08-03 09:06:26  1 records are dumped to '/home/jeff/ForumCrawler/tmp/wilder_job.2020-08-03/http_www.wilderssecurity.com_threads_need-android-texting-app-with-spam-blocking.430580.json'
2020-08-03 09:06:26  Job closed.
2020-08-03 09:06:26  Finding next job.
2020-08-03 09:06:26  module: wildersecurity_questions, URL: http://www.wilderssecurity.com/threads/stealthy-android-trojan-spy-signs-you-up-for-premium-subscriptions.420670/
2020-08-03 09:06:26  Job started.
2020-08-03 09:06:26  https://www.wilderssecurity.com/threads/stealthy-android-trojan-spy-signs-you-up-for-premium-subscriptions.420670/?page=1 (0.115224s)
2020-08-03 09:06:26  3 elements are found.
2020-08-03 09:06:32  Job done, dumping the data.
2020-08-03 09:06:32  3 records are dumped to '/home/jeff/ForumCrawler/tmp/wilder_job.2020-08-03/http_www.wilderssecurity.com_threads_stealthy-android-trojan-spy-signs-you-up-for-premium-subscriptions.420670.json'
2020-08-03 09:06:32  Job closed.
2020-08-03 09:06:32  Finding next job.
2020-08-03 09:06:32  module: wildersecurity_questions, URL: http://www.wilderssecurity.com/threads/android-11-brings-numerous-security-and-privacy-improvements.429777/
2020-08-03 09:06:32  Job started.
2020-08-03 09:06:33  https://www.wilderssecurity.com/threads/android-11-brings-numerous-security-and-privacy-improvements.429777/?page=1 (0.118912s)
2020-08-03 09:06:33  3 elements are found.
2020-08-03 09:06:39  Job done, dumping the data.
2020-08-03 09:06:39  3 records are dumped to '/home/jeff/ForumCrawler/tmp/wilder_job.2020-08-03/http_www.wilderssecurity.com_threads_android-11-brings-numerous-security-and-privacy-improvements.429777.json'
2020-08-03 09:06:39  Job closed.
2020-08-03 09:06:39  Finding next job.
2020-08-03 09:06:39  module: wildersecurity_questions, URL: http://www.wilderssecurity.com/threads/apple-and-t-mobile-face-class-action-lawsuit-over-an-iphone-security-flaw-imessage-and-facetime.430533/
2020-08-03 09:06:39  Job started.
2020-08-03 09:06:39  https://www.wilderssecurity.com/threads/apple-and-t-mobile-face-class-action-lawsuit-over-an-iphone-security-flaw-imessage-and-facetime.430533/?page=1 (0.113023s)
2020-08-03 09:06:39  1 elements are found.
2020-08-03 09:06:45  Job done, dumping the data.
2020-08-03 09:06:45  1 records are dumped to '/home/jeff/ForumCrawler/tmp/wilder_job.2020-08-03/http_www.wilderssecurity.com_threads_apple-and-t-mobile-face-class-action-lawsuit-over-an-iphone-security-flaw-imessage-and-facetime.430533.json'
2020-08-03 09:06:45  Job closed.
2020-08-03 09:06:45  Finding next job.
2020-08-03 09:06:45  module: wildersecurity_questions, URL: http://www.wilderssecurity.com/threads/cerberus-banking-trojan-infiltrates-google-play.430500/
2020-08-03 09:06:45  Job started.
2020-08-03 09:06:45  https://www.wilderssecurity.com/threads/cerberus-banking-trojan-infiltrates-google-play.430500/?page=1 (0.107529s)
2020-08-03 09:06:45  1 elements are found.
2020-08-03 09:06:51  Job done, dumping the data.
2020-08-03 09:06:51  1 records are dumped to '/home/jeff/ForumCrawler/tmp/wilder_job.2020-08-03/http_www.wilderssecurity.com_threads_cerberus-banking-trojan-infiltrates-google-play.430500.json'
2020-08-03 09:06:51  Job closed.
2020-08-03 09:06:51  Finding next job.
2020-08-03 09:06:51  module: wildersecurity_questions, URL: http://www.wilderssecurity.com/threads/android-users-hit-with-undeletable-adware.430496/
2020-08-03 09:06:51  Job started.
2020-08-03 09:06:51  https://www.wilderssecurity.com/threads/android-users-hit-with-undeletable-adware.430496/?page=1 (0.103963s)
2020-08-03 09:06:51  2 elements are found.
2020-08-03 09:06:57  Job done, dumping the data.
2020-08-03 09:06:57  2 records are dumped to '/home/jeff/ForumCrawler/tmp/wilder_job.2020-08-03/http_www.wilderssecurity.com_threads_android-users-hit-with-undeletable-adware.430496.json'
2020-08-03 09:06:57  Job closed.
2020-08-03 09:06:57  Finding next job.
2020-08-03 09:06:57  module: wildersecurity_questions, URL: http://www.wilderssecurity.com/threads/google-has-banned-almost-600-apps-for-pushing-disruptive-ads.426303/
2020-08-03 09:06:57  Job started.
2020-08-03 09:06:57  https://www.wilderssecurity.com/threads/google-has-banned-almost-600-apps-for-pushing-disruptive-ads.426303/?page=1 (0.12563s)
2020-08-03 09:06:57  4 elements are found.
2020-08-03 09:07:03  Job done, dumping the data.
2020-08-03 09:07:03  4 records are dumped to '/home/jeff/ForumCrawler/tmp/wilder_job.2020-08-03/http_www.wilderssecurity.com_threads_google-has-banned-almost-600-apps-for-pushing-disruptive-ads.426303.json'
2020-08-03 09:07:03  Job closed.
2020-08-03 09:07:03  Finding next job.
2020-08-03 09:07:03  module: wildersecurity_questions, URL: http://www.wilderssecurity.com/threads/la-sues-weather-channel-app-owner-over-fraudulent-data-use.411835/
2020-08-03 09:07:03  Job started.
2020-08-03 09:07:04  https://www.wilderssecurity.com/threads/la-sues-weather-channel-app-owner-over-fraudulent-data-use.411835/?page=1 (0.11173s)
2020-08-03 09:07:04  5 elements are found.
2020-08-03 09:07:10  Job done, dumping the data.
2020-08-03 09:07:10  5 records are dumped to '/home/jeff/ForumCrawler/tmp/wilder_job.2020-08-03/http_www.wilderssecurity.com_threads_la-sues-weather-channel-app-owner-over-fraudulent-data-use.411835.json'
2020-08-03 09:07:10  Job closed.
2020-08-03 09:07:10  Finding next job.
2020-08-03 09:07:10  No more jobs.
2020-08-03 13:46:55  Centipede starts!
2020-08-03 13:46:55  Job filename: /home/jeff/ForumCrawler/wilder_job.2020-08-03.jobs
2020-08-03 13:46:55  Finding next job.
2020-08-03 13:46:55  module: wildersecurity_thread, URL: https://www.wilderssecurity.com/forums/mobile-device-security.141/
2020-08-03 13:46:55  Job started.
2020-08-03 13:46:55  https://www.wilderssecurity.com/forums/mobile-device-security.141/?page=1 (0.294314s)
2020-08-03 13:46:55  25 elements are found.
2020-08-03 13:46:55  Adding new jobs:
2020-08-03 13:46:55  25 new jobs are added.
2020-08-03 13:47:02  https://www.wilderssecurity.com/forums/mobile-device-security.141/page-2?page=2 (0.09926s)
2020-08-03 13:47:02  25 elements are found.
2020-08-03 13:47:02  Adding new jobs:
2020-08-03 13:47:02  25 new jobs are added.
2020-08-03 13:47:08  Job done, dumping the data.
2020-08-03 13:47:08  50 records are dumped to '/home/jeff/ForumCrawler/tmp/wilder_job.2020-08-03/https_www.wilderssecurity.com_forums_mobile-device-security.141.json'
2020-08-03 13:47:08  Job closed.
2020-08-03 13:47:08  Finding next job.
2020-08-03 13:47:08  module: wildersecurity_questions, URL: http://www.wilderssecurity.com/threads/pwn2own-tokyo-2020-zdi-announces-hacking-competition.431120/
2020-08-03 13:47:08  Job started.
2020-08-03 13:47:08  https://www.wilderssecurity.com/threads/pwn2own-tokyo-2020-zdi-announces-hacking-competition.431120/?page=1 (0.112014s)
2020-08-03 13:47:08  2 elements are found.
2020-08-03 13:47:14  Job done, dumping the data.
2020-08-03 13:47:14  2 records are dumped to '/home/jeff/ForumCrawler/tmp/wilder_job.2020-08-03/http_www.wilderssecurity.com_threads_pwn2own-tokyo-2020-zdi-announces-hacking-competition.431120.json'
2020-08-03 13:47:14  Job closed.
2020-08-03 13:47:14  Finding next job.
2020-08-03 13:47:14  module: wildersecurity_questions, URL: http://www.wilderssecurity.com/threads/lokibot-redux-attacks-massive-list-of-common-android-apps.430735/
2020-08-03 13:47:14  Job started.
2020-08-03 13:47:14  https://www.wilderssecurity.com/threads/lokibot-redux-attacks-massive-list-of-common-android-apps.430735/?page=1 (0.115313s)
2020-08-03 13:47:14  3 elements are found.
2020-08-03 13:47:20  Job done, dumping the data.
2020-08-03 13:47:20  3 records are dumped to '/home/jeff/ForumCrawler/tmp/wilder_job.2020-08-03/http_www.wilderssecurity.com_threads_lokibot-redux-attacks-massive-list-of-common-android-apps.430735.json'
2020-08-03 13:47:20  Job closed.
2020-08-03 13:47:20  Finding next job.
2020-08-03 13:47:20  module: wildersecurity_questions, URL: http://www.wilderssecurity.com/threads/ee-launches-set-up-safe-service-for-parents-to-protect-children-online.431142/
2020-08-03 13:47:20  Job started.
2020-08-03 13:47:20  https://www.wilderssecurity.com/threads/ee-launches-set-up-safe-service-for-parents-to-protect-children-online.431142/?page=1 (0.12022s)
2020-08-03 13:47:20  1 elements are found.
2020-08-03 13:47:26  Job done, dumping the data.
2020-08-03 13:47:26  1 records are dumped to '/home/jeff/ForumCrawler/tmp/wilder_job.2020-08-03/http_www.wilderssecurity.com_threads_ee-launches-set-up-safe-service-for-parents-to-protect-children-online.431142.json'
2020-08-03 13:47:26  Job closed.
2020-08-03 13:47:26  Finding next job.
2020-08-03 13:47:26  module: wildersecurity_questions, URL: http://www.wilderssecurity.com/threads/cerberus-android-malware-source-code-offered-for-sale-for-100-000.431064/
2020-08-03 13:47:26  Job started.
2020-08-03 13:47:26  https://www.wilderssecurity.com/threads/cerberus-android-malware-source-code-offered-for-sale-for-100-000.431064/?page=1 (0.10485s)
2020-08-03 13:47:26  1 elements are found.
2020-08-03 13:47:32  Job done, dumping the data.
2020-08-03 13:47:32  1 records are dumped to '/home/jeff/ForumCrawler/tmp/wilder_job.2020-08-03/http_www.wilderssecurity.com_threads_cerberus-android-malware-source-code-offered-for-sale-for-100-000.431064.json'
2020-08-03 13:47:32  Job closed.
2020-08-03 13:47:32  Finding next job.
2020-08-03 13:47:32  module: wildersecurity_questions, URL: http://www.wilderssecurity.com/threads/lineageos-17-available.427559/
2020-08-03 13:47:32  Job started.
2020-08-03 13:47:33  https://www.wilderssecurity.com/threads/lineageos-17-available.427559/?page=1 (0.111677s)
2020-08-03 13:47:33  4 elements are found.
2020-08-03 13:47:39  Job done, dumping the data.
2020-08-03 13:47:39  4 records are dumped to '/home/jeff/ForumCrawler/tmp/wilder_job.2020-08-03/http_www.wilderssecurity.com_threads_lineageos-17-available.427559.json'
2020-08-03 13:47:39  Job closed.
2020-08-03 13:47:39  Finding next job.
2020-08-03 13:47:39  module: wildersecurity_questions, URL: http://www.wilderssecurity.com/threads/fraudulent-photo-app-operation-detected-on-google-store.430984/
2020-08-03 13:47:39  Job started.
2020-08-03 13:47:39  https://www.wilderssecurity.com/threads/fraudulent-photo-app-operation-detected-on-google-store.430984/?page=1 (0.119866s)
2020-08-03 13:47:39  1 elements are found.
2020-08-03 13:47:45  Job done, dumping the data.
2020-08-03 13:47:45  1 records are dumped to '/home/jeff/ForumCrawler/tmp/wilder_job.2020-08-03/http_www.wilderssecurity.com_threads_fraudulent-photo-app-operation-detected-on-google-store.430984.json'
2020-08-03 13:47:45  Job closed.
2020-08-03 13:47:45  Finding next job.
2020-08-03 13:47:45  module: wildersecurity_questions, URL: http://www.wilderssecurity.com/threads/verizon-rolls-out-call-filter-a-free-anti-robocall-app-for-its-android-and-ios-users.415067/
2020-08-03 13:47:45  Job started.
2020-08-03 13:47:45  https://www.wilderssecurity.com/threads/verizon-rolls-out-call-filter-a-free-anti-robocall-app-for-its-android-and-ios-users.415067/?page=1 (0.109861s)
2020-08-03 13:47:45  4 elements are found.
2020-08-03 13:47:51  Job done, dumping the data.
2020-08-03 13:47:51  4 records are dumped to '/home/jeff/ForumCrawler/tmp/wilder_job.2020-08-03/http_www.wilderssecurity.com_threads_verizon-rolls-out-call-filter-a-free-anti-robocall-app-for-its-android-and-ios-users.415067.json'
2020-08-03 13:47:51  Job closed.
2020-08-03 13:47:51  Finding next job.
2020-08-03 13:47:51  module: wildersecurity_questions, URL: http://www.wilderssecurity.com/threads/apple-is-giving-jailbroken-iphones-to-hackers-to-tighten-ios-security.419502/
2020-08-03 13:47:51  Job started.
2020-08-03 13:47:51  https://www.wilderssecurity.com/threads/apple-is-giving-jailbroken-iphones-to-hackers-to-tighten-ios-security.419502/?page=1 (0.109891s)
2020-08-03 13:47:51  3 elements are found.
2020-08-03 13:47:57  Job done, dumping the data.
2020-08-03 13:47:57  3 records are dumped to '/home/jeff/ForumCrawler/tmp/wilder_job.2020-08-03/http_www.wilderssecurity.com_threads_apple-is-giving-jailbroken-iphones-to-hackers-to-tighten-ios-security.419502.json'
2020-08-03 13:47:57  Job closed.
2020-08-03 13:47:57  Finding next job.
2020-08-03 13:47:57  module: wildersecurity_questions, URL: http://www.wilderssecurity.com/threads/camera-privacy-bug-found-in-firefox-android-in-2019-hasnt-been-fixed-yet.430912/
2020-08-03 13:47:57  Job started.
2020-08-03 13:47:57  https://www.wilderssecurity.com/threads/camera-privacy-bug-found-in-firefox-android-in-2019-hasnt-been-fixed-yet.430912/?page=1 (0.107634s)
2020-08-03 13:47:57  1 elements are found.
2020-08-03 13:48:03  Job done, dumping the data.
2020-08-03 13:48:03  1 records are dumped to '/home/jeff/ForumCrawler/tmp/wilder_job.2020-08-03/http_www.wilderssecurity.com_threads_camera-privacy-bug-found-in-firefox-android-in-2019-hasnt-been-fixed-yet.430912.json'
2020-08-03 13:48:03  Job closed.
2020-08-03 13:48:03  Finding next job.
2020-08-03 13:48:03  module: wildersecurity_questions, URL: http://www.wilderssecurity.com/threads/apple-and-goldman-sachs-partnering-on-a-credit-card-for-the-iphone-wsj-says.413697/
2020-08-03 13:48:03  Job started.
2020-08-03 13:48:04  https://www.wilderssecurity.com/threads/apple-and-goldman-sachs-partnering-on-a-credit-card-for-the-iphone-wsj-says.413697/?page=1 (0.163947s)
2020-08-03 13:48:04  25 elements are found.
2020-08-03 13:48:10  https://www.wilderssecurity.com/threads/apple-and-goldman-sachs-partnering-on-a-credit-card-for-the-iphone-wsj-says.413697/page-2?page=2 (0.12463s)
2020-08-03 13:48:10  8 elements are found.
2020-08-03 13:48:16  Job done, dumping the data.
2020-08-03 13:48:16  33 records are dumped to '/home/jeff/ForumCrawler/tmp/wilder_job.2020-08-03/http_www.wilderssecurity.com_threads_apple-and-goldman-sachs-partnering-on-a-credit-card-for-the-iphone-wsj-says.413697.json'
2020-08-03 13:48:16  Job closed.
2020-08-03 13:48:16  Finding next job.
2020-08-03 13:48:16  module: wildersecurity_questions, URL: http://www.wilderssecurity.com/threads/secureaplus-mobile-version-android.399006/
2020-08-03 13:48:16  Job started.
2020-08-03 13:48:16  https://www.wilderssecurity.com/threads/secureaplus-mobile-version-android.399006/?page=1 (0.151165s)
2020-08-03 13:48:16  25 elements are found.
2020-08-03 13:48:22  https://www.wilderssecurity.com/threads/secureaplus-mobile-version-android.399006/page-2?page=2 (0.115997s)
2020-08-03 13:48:22  5 elements are found.
2020-08-03 13:48:28  Job done, dumping the data.
2020-08-03 13:48:28  30 records are dumped to '/home/jeff/ForumCrawler/tmp/wilder_job.2020-08-03/http_www.wilderssecurity.com_threads_secureaplus-mobile-version-android.399006.json'
2020-08-03 13:48:28  Job closed.
2020-08-03 13:48:28  Finding next job.
2020-08-03 13:48:28  module: wildersecurity_questions, URL: http://www.wilderssecurity.com/threads/is-there-a-way-to-remove-every-folders-and-data-left-uninstalling-an-app.430634/
2020-08-03 13:48:28  Job started.
2020-08-03 13:48:28  https://www.wilderssecurity.com/threads/is-there-a-way-to-remove-every-folders-and-data-left-uninstalling-an-app.430634/?page=1 (0.121063s)
2020-08-03 13:48:28  10 elements are found.
2020-08-03 13:48:35  Job done, dumping the data.
2020-08-03 13:48:35  10 records are dumped to '/home/jeff/ForumCrawler/tmp/wilder_job.2020-08-03/http_www.wilderssecurity.com_threads_is-there-a-way-to-remove-every-folders-and-data-left-uninstalling-an-app.430634.json'
2020-08-03 13:48:35  Job closed.
2020-08-03 13:48:35  Finding next job.
2020-08-03 13:48:35  module: wildersecurity_questions, URL: http://www.wilderssecurity.com/threads/whatsapp-vulnerability-allowed-secretive-installation-of-spyware.416619/
2020-08-03 13:48:35  Job started.
2020-08-03 13:48:35  https://www.wilderssecurity.com/threads/whatsapp-vulnerability-allowed-secretive-installation-of-spyware.416619/?page=1 (0.173442s)
2020-08-03 13:48:35  25 elements are found.
2020-08-03 13:48:41  https://www.wilderssecurity.com/threads/whatsapp-vulnerability-allowed-secretive-installation-of-spyware.416619/page-2?page=2 (0.112505s)
2020-08-03 13:48:41  2 elements are found.
2020-08-03 13:48:47  Job done, dumping the data.
2020-08-03 13:48:47  27 records are dumped to '/home/jeff/ForumCrawler/tmp/wilder_job.2020-08-03/http_www.wilderssecurity.com_threads_whatsapp-vulnerability-allowed-secretive-installation-of-spyware.416619.json'
2020-08-03 13:48:47  Job closed.
2020-08-03 13:48:47  Finding next job.
2020-08-03 13:48:47  module: wildersecurity_questions, URL: http://www.wilderssecurity.com/threads/what-is-your-android-security-setup-these-days.359465/
2020-08-03 13:48:47  Job started.
2020-08-03 13:48:47  https://www.wilderssecurity.com/threads/what-is-your-android-security-setup-these-days.359465/?page=1 (0.15558s)
2020-08-03 13:48:47  25 elements are found.
2020-08-03 13:48:54  https://www.wilderssecurity.com/threads/what-is-your-android-security-setup-these-days.359465/page-2?page=2 (0.148272s)
2020-08-03 13:48:54  25 elements are found.
2020-08-03 13:49:00  https://www.wilderssecurity.com/threads/what-is-your-android-security-setup-these-days.359465/page-3?page=3 (0.158262s)
2020-08-03 13:49:00  25 elements are found.
2020-08-03 13:49:06  https://www.wilderssecurity.com/threads/what-is-your-android-security-setup-these-days.359465/page-4?page=4 (0.158675s)
2020-08-03 13:49:06  25 elements are found.
2020-08-03 13:49:12  https://www.wilderssecurity.com/threads/what-is-your-android-security-setup-these-days.359465/page-5?page=5 (0.160612s)
2020-08-03 13:49:12  25 elements are found.
2020-08-03 13:49:19  https://www.wilderssecurity.com/threads/what-is-your-android-security-setup-these-days.359465/page-6?page=6 (0.143176s)
2020-08-03 13:49:19  25 elements are found.
2020-08-03 13:49:25  https://www.wilderssecurity.com/threads/what-is-your-android-security-setup-these-days.359465/page-7?page=7 (0.139886s)
2020-08-03 13:49:25  25 elements are found.
2020-08-03 13:49:31  https://www.wilderssecurity.com/threads/what-is-your-android-security-setup-these-days.359465/page-8?page=8 (0.143326s)
2020-08-03 13:49:31  25 elements are found.
2020-08-03 13:49:38  https://www.wilderssecurity.com/threads/what-is-your-android-security-setup-these-days.359465/page-9?page=9 (0.158907s)
2020-08-03 13:49:38  25 elements are found.
2020-08-03 13:49:44  https://www.wilderssecurity.com/threads/what-is-your-android-security-setup-these-days.359465/page-10?page=10 (0.154201s)
2020-08-03 13:49:44  25 elements are found.
2020-08-03 13:49:50  https://www.wilderssecurity.com/threads/what-is-your-android-security-setup-these-days.359465/page-11?page=11 (0.1478s)
2020-08-03 13:49:50  25 elements are found.
2020-08-03 13:49:57  https://www.wilderssecurity.com/threads/what-is-your-android-security-setup-these-days.359465/page-12?page=12 (0.151099s)
2020-08-03 13:49:57  25 elements are found.
2020-08-03 13:50:03  https://www.wilderssecurity.com/threads/what-is-your-android-security-setup-these-days.359465/page-13?page=13 (0.144368s)
2020-08-03 13:50:03  25 elements are found.
2020-08-03 13:50:09  https://www.wilderssecurity.com/threads/what-is-your-android-security-setup-these-days.359465/page-14?page=14 (0.15281s)
2020-08-03 13:50:09  25 elements are found.
2020-08-03 13:50:15  https://www.wilderssecurity.com/threads/what-is-your-android-security-setup-these-days.359465/page-15?page=15 (0.142193s)
2020-08-03 13:50:16  25 elements are found.
2020-08-03 13:50:22  https://www.wilderssecurity.com/threads/what-is-your-android-security-setup-these-days.359465/page-16?page=16 (0.159365s)
2020-08-03 13:50:22  25 elements are found.
2020-08-03 13:50:28  https://www.wilderssecurity.com/threads/what-is-your-android-security-setup-these-days.359465/page-17?page=17 (0.100282s)
2020-08-03 13:50:28  2 elements are found.
2020-08-03 13:50:34  Job done, dumping the data.
2020-08-03 13:50:34  402 records are dumped to '/home/jeff/ForumCrawler/tmp/wilder_job.2020-08-03/http_www.wilderssecurity.com_threads_what-is-your-android-security-setup-these-days.359465.json'
2020-08-03 13:50:34  Job closed.
2020-08-03 13:50:34  Finding next job.
2020-08-03 13:50:34  module: wildersecurity_questions, URL: http://www.wilderssecurity.com/threads/a-new-reason-to-not-buy-these-cheap-android-devices-complimentary-malware.404128/
2020-08-03 13:50:34  Job started.
2020-08-03 13:50:34  https://www.wilderssecurity.com/threads/a-new-reason-to-not-buy-these-cheap-android-devices-complimentary-malware.404128/?page=1 (0.150552s)
2020-08-03 13:50:34  17 elements are found.
2020-08-03 13:50:40  Job done, dumping the data.
2020-08-03 13:50:40  17 records are dumped to '/home/jeff/ForumCrawler/tmp/wilder_job.2020-08-03/http_www.wilderssecurity.com_threads_a-new-reason-to-not-buy-these-cheap-android-devices-complimentary-malware.404128.json'
2020-08-03 13:50:40  Job closed.
2020-08-03 13:50:40  Finding next job.
2020-08-03 13:50:40  module: wildersecurity_questions, URL: http://www.wilderssecurity.com/threads/mobile-banking-users-targeted-in-sms-phishing-campaign.426240/
2020-08-03 13:50:40  Job started.
2020-08-03 13:50:40  https://www.wilderssecurity.com/threads/mobile-banking-users-targeted-in-sms-phishing-campaign.426240/?page=1 (0.113266s)
2020-08-03 13:50:40  2 elements are found.
2020-08-03 13:50:47  Job done, dumping the data.
2020-08-03 13:50:47  2 records are dumped to '/home/jeff/ForumCrawler/tmp/wilder_job.2020-08-03/http_www.wilderssecurity.com_threads_mobile-banking-users-targeted-in-sms-phishing-campaign.426240.json'
2020-08-03 13:50:47  Job closed.
2020-08-03 13:50:47  Finding next job.
2020-08-03 13:50:47  module: wildersecurity_questions, URL: http://www.wilderssecurity.com/threads/need-android-texting-app-with-spam-blocking.430580/
2020-08-03 13:50:47  Job started.
2020-08-03 13:50:47  https://www.wilderssecurity.com/threads/need-android-texting-app-with-spam-blocking.430580/?page=1 (0.129371s)
2020-08-03 13:50:47  1 elements are found.
2020-08-03 13:50:53  Job done, dumping the data.
2020-08-03 13:50:53  1 records are dumped to '/home/jeff/ForumCrawler/tmp/wilder_job.2020-08-03/http_www.wilderssecurity.com_threads_need-android-texting-app-with-spam-blocking.430580.json'
2020-08-03 13:50:53  Job closed.
2020-08-03 13:50:53  Finding next job.
2020-08-03 13:50:53  module: wildersecurity_questions, URL: http://www.wilderssecurity.com/threads/stealthy-android-trojan-spy-signs-you-up-for-premium-subscriptions.420670/
2020-08-03 13:50:53  Job started.
2020-08-03 13:50:53  https://www.wilderssecurity.com/threads/stealthy-android-trojan-spy-signs-you-up-for-premium-subscriptions.420670/?page=1 (0.123294s)
2020-08-03 13:50:53  3 elements are found.
2020-08-03 13:50:59  Job done, dumping the data.
2020-08-03 13:50:59  3 records are dumped to '/home/jeff/ForumCrawler/tmp/wilder_job.2020-08-03/http_www.wilderssecurity.com_threads_stealthy-android-trojan-spy-signs-you-up-for-premium-subscriptions.420670.json'
2020-08-03 13:50:59  Job closed.
2020-08-03 13:50:59  Finding next job.
2020-08-03 13:50:59  module: wildersecurity_questions, URL: http://www.wilderssecurity.com/threads/android-11-brings-numerous-security-and-privacy-improvements.429777/
2020-08-03 13:50:59  Job started.
2020-08-03 13:50:59  https://www.wilderssecurity.com/threads/android-11-brings-numerous-security-and-privacy-improvements.429777/?page=1 (0.113635s)
2020-08-03 13:50:59  3 elements are found.
2020-08-03 13:51:05  Job done, dumping the data.
2020-08-03 13:51:05  3 records are dumped to '/home/jeff/ForumCrawler/tmp/wilder_job.2020-08-03/http_www.wilderssecurity.com_threads_android-11-brings-numerous-security-and-privacy-improvements.429777.json'
2020-08-03 13:51:05  Job closed.
2020-08-03 13:51:05  Finding next job.
2020-08-03 13:51:05  module: wildersecurity_questions, URL: http://www.wilderssecurity.com/threads/apple-and-t-mobile-face-class-action-lawsuit-over-an-iphone-security-flaw-imessage-and-facetime.430533/
2020-08-03 13:51:05  Job started.
2020-08-03 13:51:05  https://www.wilderssecurity.com/threads/apple-and-t-mobile-face-class-action-lawsuit-over-an-iphone-security-flaw-imessage-and-facetime.430533/?page=1 (0.115611s)
2020-08-03 13:51:05  1 elements are found.
2020-08-03 13:51:11  Job done, dumping the data.
2020-08-03 13:51:11  1 records are dumped to '/home/jeff/ForumCrawler/tmp/wilder_job.2020-08-03/http_www.wilderssecurity.com_threads_apple-and-t-mobile-face-class-action-lawsuit-over-an-iphone-security-flaw-imessage-and-facetime.430533.json'
2020-08-03 13:51:11  Job closed.
2020-08-03 13:51:11  Finding next job.
2020-08-03 13:51:11  module: wildersecurity_questions, URL: http://www.wilderssecurity.com/threads/cerberus-banking-trojan-infiltrates-google-play.430500/
2020-08-03 13:51:11  Job started.
2020-08-03 13:51:11  https://www.wilderssecurity.com/threads/cerberus-banking-trojan-infiltrates-google-play.430500/?page=1 (0.105532s)
2020-08-03 13:51:11  1 elements are found.
2020-08-03 13:51:17  Job done, dumping the data.
2020-08-03 13:51:17  1 records are dumped to '/home/jeff/ForumCrawler/tmp/wilder_job.2020-08-03/http_www.wilderssecurity.com_threads_cerberus-banking-trojan-infiltrates-google-play.430500.json'
2020-08-03 13:51:17  Job closed.
2020-08-03 13:51:17  Finding next job.
2020-08-03 13:51:17  module: wildersecurity_questions, URL: http://www.wilderssecurity.com/threads/android-users-hit-with-undeletable-adware.430496/
2020-08-03 13:51:17  Job started.
2020-08-03 13:51:18  https://www.wilderssecurity.com/threads/android-users-hit-with-undeletable-adware.430496/?page=1 (0.117824s)
2020-08-03 13:51:18  2 elements are found.
2020-08-03 13:51:24  Job done, dumping the data.
2020-08-03 13:51:24  2 records are dumped to '/home/jeff/ForumCrawler/tmp/wilder_job.2020-08-03/http_www.wilderssecurity.com_threads_android-users-hit-with-undeletable-adware.430496.json'
2020-08-03 13:51:24  Job closed.
2020-08-03 13:51:24  Finding next job.
2020-08-03 13:51:24  module: wildersecurity_questions, URL: http://www.wilderssecurity.com/threads/google-has-banned-almost-600-apps-for-pushing-disruptive-ads.426303/
2020-08-03 13:51:24  Job started.
2020-08-03 13:51:24  https://www.wilderssecurity.com/threads/google-has-banned-almost-600-apps-for-pushing-disruptive-ads.426303/?page=1 (0.119085s)
2020-08-03 13:51:24  4 elements are found.
2020-08-03 13:51:30  Job done, dumping the data.
2020-08-03 13:51:30  4 records are dumped to '/home/jeff/ForumCrawler/tmp/wilder_job.2020-08-03/http_www.wilderssecurity.com_threads_google-has-banned-almost-600-apps-for-pushing-disruptive-ads.426303.json'
2020-08-03 13:51:30  Job closed.
2020-08-03 13:51:30  Finding next job.
2020-08-03 13:51:30  module: wildersecurity_questions, URL: http://www.wilderssecurity.com/threads/la-sues-weather-channel-app-owner-over-fraudulent-data-use.411835/
2020-08-03 13:51:30  Job started.
2020-08-03 13:51:30  https://www.wilderssecurity.com/threads/la-sues-weather-channel-app-owner-over-fraudulent-data-use.411835/?page=1 (0.115537s)
2020-08-03 13:51:30  5 elements are found.
2020-08-03 13:51:36  Job done, dumping the data.
2020-08-03 13:51:36  5 records are dumped to '/home/jeff/ForumCrawler/tmp/wilder_job.2020-08-03/http_www.wilderssecurity.com_threads_la-sues-weather-channel-app-owner-over-fraudulent-data-use.411835.json'
2020-08-03 13:51:36  Job closed.
2020-08-03 13:51:36  Finding next job.
2020-08-03 13:51:36  module: wildersecurity_questions, URL: http://www.wilderssecurity.com/threads/mozilla-previews-a-redesigned-and-faster-firefox-for-android.418168/
2020-08-03 13:51:36  Job started.
2020-08-03 13:51:36  https://www.wilderssecurity.com/threads/mozilla-previews-a-redesigned-and-faster-firefox-for-android.418168/?page=1 (0.150644s)
2020-08-03 13:51:36  19 elements are found.
2020-08-03 13:51:42  Job done, dumping the data.
2020-08-03 13:51:42  19 records are dumped to '/home/jeff/ForumCrawler/tmp/wilder_job.2020-08-03/http_www.wilderssecurity.com_threads_mozilla-previews-a-redesigned-and-faster-firefox-for-android.418168.json'
2020-08-03 13:51:42  Job closed.
2020-08-03 13:51:42  Finding next job.
2020-08-03 13:51:42  module: wildersecurity_questions, URL: http://www.wilderssecurity.com/threads/samsung-updates-select-newer-phones-with-the-july-2020-security-patch.430401/
2020-08-03 13:51:42  Job started.
2020-08-03 13:51:42  https://www.wilderssecurity.com/threads/samsung-updates-select-newer-phones-with-the-july-2020-security-patch.430401/?page=1 (0.135977s)
2020-08-03 13:51:42  1 elements are found.
2020-08-03 13:51:48  Job done, dumping the data.
2020-08-03 13:51:48  1 records are dumped to '/home/jeff/ForumCrawler/tmp/wilder_job.2020-08-03/http_www.wilderssecurity.com_threads_samsung-updates-select-newer-phones-with-the-july-2020-security-patch.430401.json'
2020-08-03 13:51:48  Job closed.
2020-08-03 13:51:48  Finding next job.
2020-08-03 13:51:48  module: wildersecurity_questions, URL: http://www.wilderssecurity.com/threads/can-i-substitute-freeotp-for-google-authenticator-requirement.430360/
2020-08-03 13:51:48  Job started.
2020-08-03 13:51:49  https://www.wilderssecurity.com/threads/can-i-substitute-freeotp-for-google-authenticator-requirement.430360/?page=1 (0.105527s)
2020-08-03 13:51:49  1 elements are found.
2020-08-03 13:51:55  Job done, dumping the data.
2020-08-03 13:51:55  1 records are dumped to '/home/jeff/ForumCrawler/tmp/wilder_job.2020-08-03/http_www.wilderssecurity.com_threads_can-i-substitute-freeotp-for-google-authenticator-requirement.430360.json'
2020-08-03 13:51:55  Job closed.
2020-08-03 13:51:55  Finding next job.
2020-08-03 13:51:55  module: wildersecurity_questions, URL: http://www.wilderssecurity.com/threads/fakespy-android-malware-now-significantly-more-powerful.430336/
2020-08-03 13:51:55  Job started.
2020-08-03 13:51:55  https://www.wilderssecurity.com/threads/fakespy-android-malware-now-significantly-more-powerful.430336/?page=1 (0.111757s)
2020-08-03 13:51:55  1 elements are found.
2020-08-03 13:52:01  Job done, dumping the data.
2020-08-03 13:52:01  1 records are dumped to '/home/jeff/ForumCrawler/tmp/wilder_job.2020-08-03/http_www.wilderssecurity.com_threads_fakespy-android-malware-now-significantly-more-powerful.430336.json'
2020-08-03 13:52:01  Job closed.
2020-08-03 13:52:01  Finding next job.
2020-08-03 13:52:01  module: wildersecurity_questions, URL: http://www.wilderssecurity.com/threads/google-removes-25-android-apps-caught-stealing-facebook-credentials.430303/
2020-08-03 13:52:01  Job started.
2020-08-03 13:52:01  https://www.wilderssecurity.com/threads/google-removes-25-android-apps-caught-stealing-facebook-credentials.430303/?page=1 (0.116204s)
2020-08-03 13:52:01  1 elements are found.
2020-08-03 13:52:07  Job done, dumping the data.
2020-08-03 13:52:07  1 records are dumped to '/home/jeff/ForumCrawler/tmp/wilder_job.2020-08-03/http_www.wilderssecurity.com_threads_google-removes-25-android-apps-caught-stealing-facebook-credentials.430303.json'
2020-08-03 13:52:07  Job closed.
2020-08-03 13:52:07  Finding next job.
2020-08-03 13:52:07  module: wildersecurity_questions, URL: http://www.wilderssecurity.com/threads/google-is-now-testing-incognito-mode-for-maps.421237/
2020-08-03 13:52:07  Job started.
2020-08-03 13:52:07  https://www.wilderssecurity.com/threads/google-is-now-testing-incognito-mode-for-maps.421237/?page=1 (0.117336s)
2020-08-03 13:52:07  7 elements are found.
2020-08-03 13:52:13  Job done, dumping the data.
2020-08-03 13:52:13  7 records are dumped to '/home/jeff/ForumCrawler/tmp/wilder_job.2020-08-03/http_www.wilderssecurity.com_threads_google-is-now-testing-incognito-mode-for-maps.421237.json'
2020-08-03 13:52:13  Job closed.
2020-08-03 13:52:13  Finding next job.
2020-08-03 13:52:13  module: wildersecurity_questions, URL: http://www.wilderssecurity.com/threads/google-now-lets-you-set-a-time-limit-to-auto-delete-location-history-and-web-activity-data.418123/
2020-08-03 13:52:13  Job started.
2020-08-03 13:52:13  https://www.wilderssecurity.com/threads/google-now-lets-you-set-a-time-limit-to-auto-delete-location-history-and-web-activity-data.418123/?page=1 (0.112353s)
2020-08-03 13:52:13  2 elements are found.
2020-08-03 13:52:19  Job done, dumping the data.
2020-08-03 13:52:19  2 records are dumped to '/home/jeff/ForumCrawler/tmp/wilder_job.2020-08-03/http_www.wilderssecurity.com_threads_google-now-lets-you-set-a-time-limit-to-auto-delete-location-history-and-web-activity-data.418123.json'
2020-08-03 13:52:19  Job closed.
2020-08-03 13:52:19  Finding next job.
2020-08-03 13:52:19  module: wildersecurity_questions, URL: http://www.wilderssecurity.com/threads/coronavirus-tracking-app-locks-up-android-phones-for-ransom.427005/
2020-08-03 13:52:19  Job started.
2020-08-03 13:52:19  https://www.wilderssecurity.com/threads/coronavirus-tracking-app-locks-up-android-phones-for-ransom.427005/?page=1 (0.138171s)
2020-08-03 13:52:19  11 elements are found.
2020-08-03 13:52:25  Job done, dumping the data.
2020-08-03 13:52:25  11 records are dumped to '/home/jeff/ForumCrawler/tmp/wilder_job.2020-08-03/http_www.wilderssecurity.com_threads_coronavirus-tracking-app-locks-up-android-phones-for-ransom.427005.json'
2020-08-03 13:52:25  Job closed.
2020-08-03 13:52:25  Finding next job.
2020-08-03 13:52:25  module: wildersecurity_questions, URL: http://www.wilderssecurity.com/threads/microsoft-is-bringing-its-antivirus-software-to-ios-and-android.426294/
2020-08-03 13:52:25  Job started.
2020-08-03 13:52:26  https://www.wilderssecurity.com/threads/microsoft-is-bringing-its-antivirus-software-to-ios-and-android.426294/?page=1 (0.119978s)
2020-08-03 13:52:26  4 elements are found.
2020-08-03 13:52:32  Job done, dumping the data.
2020-08-03 13:52:32  4 records are dumped to '/home/jeff/ForumCrawler/tmp/wilder_job.2020-08-03/http_www.wilderssecurity.com_threads_microsoft-is-bringing-its-antivirus-software-to-ios-and-android.426294.json'
2020-08-03 13:52:32  Job closed.
2020-08-03 13:52:32  Finding next job.
2020-08-03 13:52:32  module: wildersecurity_questions, URL: http://www.wilderssecurity.com/threads/apple-modifies-app-review-process-letting-developers-challenge-guidelines.430095/
2020-08-03 13:52:32  Job started.
2020-08-03 13:52:32  https://www.wilderssecurity.com/threads/apple-modifies-app-review-process-letting-developers-challenge-guidelines.430095/?page=1 (0.116463s)
2020-08-03 13:52:32  1 elements are found.
2020-08-03 13:52:38  Job done, dumping the data.
2020-08-03 13:52:38  1 records are dumped to '/home/jeff/ForumCrawler/tmp/wilder_job.2020-08-03/http_www.wilderssecurity.com_threads_apple-modifies-app-review-process-letting-developers-challenge-guidelines.430095.json'
2020-08-03 13:52:38  Job closed.
2020-08-03 13:52:38  Finding next job.
2020-08-03 13:52:38  module: wildersecurity_questions, URL: http://www.wilderssecurity.com/threads/double-double-tracking-how-tim-hortons-knows-where-you-sleep-work-and-vacation.429782/
2020-08-03 13:52:38  Job started.
2020-08-03 13:52:38  https://www.wilderssecurity.com/threads/double-double-tracking-how-tim-hortons-knows-where-you-sleep-work-and-vacation.429782/?page=1 (0.113356s)
2020-08-03 13:52:38  3 elements are found.
2020-08-03 13:52:44  Job done, dumping the data.
2020-08-03 13:52:44  3 records are dumped to '/home/jeff/ForumCrawler/tmp/wilder_job.2020-08-03/http_www.wilderssecurity.com_threads_double-double-tracking-how-tim-hortons-knows-where-you-sleep-work-and-vacation.429782.json'
2020-08-03 13:52:44  Job closed.
2020-08-03 13:52:44  Finding next job.
2020-08-03 13:52:44  module: wildersecurity_questions, URL: http://www.wilderssecurity.com/threads/emergent-android-banking-trojan-ginp-shows-app-overlay-attacks-are-still-effective.423373/
2020-08-03 13:52:44  Job started.
2020-08-03 13:52:44  https://www.wilderssecurity.com/threads/emergent-android-banking-trojan-ginp-shows-app-overlay-attacks-are-still-effective.423373/?page=1 (0.116374s)
2020-08-03 13:52:44  3 elements are found.
2020-08-03 13:52:50  Job done, dumping the data.
2020-08-03 13:52:50  3 records are dumped to '/home/jeff/ForumCrawler/tmp/wilder_job.2020-08-03/http_www.wilderssecurity.com_threads_emergent-android-banking-trojan-ginp-shows-app-overlay-attacks-are-still-effective.423373.json'
2020-08-03 13:52:50  Job closed.
2020-08-03 13:52:50  Finding next job.
2020-08-03 13:52:50  module: wildersecurity_questions, URL: http://www.wilderssecurity.com/threads/widespread-security-vulnerabilities-in-mobile-banking-apps.429908/
2020-08-03 13:52:50  Job started.
2020-08-03 13:52:50  https://www.wilderssecurity.com/threads/widespread-security-vulnerabilities-in-mobile-banking-apps.429908/?page=1 (0.117754s)
2020-08-03 13:52:50  1 elements are found.
2020-08-03 13:52:56  Job done, dumping the data.
2020-08-03 13:52:56  1 records are dumped to '/home/jeff/ForumCrawler/tmp/wilder_job.2020-08-03/http_www.wilderssecurity.com_threads_widespread-security-vulnerabilities-in-mobile-banking-apps.429908.json'
2020-08-03 13:52:56  Job closed.
2020-08-03 13:52:56  Finding next job.
2020-08-03 13:52:56  module: wildersecurity_questions, URL: http://www.wilderssecurity.com/threads/android-actionspy-malware-targets-turkic-minority-group.429779/
2020-08-03 13:52:56  Job started.
2020-08-03 13:52:57  https://www.wilderssecurity.com/threads/android-actionspy-malware-targets-turkic-minority-group.429779/?page=1 (0.112105s)
2020-08-03 13:52:57  1 elements are found.
2020-08-03 13:53:03  Job done, dumping the data.
2020-08-03 13:53:03  1 records are dumped to '/home/jeff/ForumCrawler/tmp/wilder_job.2020-08-03/http_www.wilderssecurity.com_threads_android-actionspy-malware-targets-turkic-minority-group.429779.json'
2020-08-03 13:53:03  Job closed.
2020-08-03 13:53:03  Finding next job.
2020-08-03 13:53:03  module: wildersecurity_questions, URL: http://www.wilderssecurity.com/threads/researcher-demonstrates-android-app-hacking-via-intents.429775/
2020-08-03 13:53:03  Job started.
2020-08-03 13:53:03  https://www.wilderssecurity.com/threads/researcher-demonstrates-android-app-hacking-via-intents.429775/?page=1 (0.117182s)
2020-08-03 13:53:03  1 elements are found.
2020-08-03 13:53:09  Job done, dumping the data.
2020-08-03 13:53:09  1 records are dumped to '/home/jeff/ForumCrawler/tmp/wilder_job.2020-08-03/http_www.wilderssecurity.com_threads_researcher-demonstrates-android-app-hacking-via-intents.429775.json'
2020-08-03 13:53:09  Job closed.
2020-08-03 13:53:09  Finding next job.
2020-08-03 13:53:09  module: wildersecurity_questions, URL: http://www.wilderssecurity.com/threads/fbi-warns-of-increased-hacking-risk-if-using-mobile-banking-apps.429708/
2020-08-03 13:53:09  Job started.
2020-08-03 13:53:09  https://www.wilderssecurity.com/threads/fbi-warns-of-increased-hacking-risk-if-using-mobile-banking-apps.429708/?page=1 (0.114833s)
2020-08-03 13:53:09  3 elements are found.
2020-08-03 13:53:15  Job done, dumping the data.
2020-08-03 13:53:15  3 records are dumped to '/home/jeff/ForumCrawler/tmp/wilder_job.2020-08-03/http_www.wilderssecurity.com_threads_fbi-warns-of-increased-hacking-risk-if-using-mobile-banking-apps.429708.json'
2020-08-03 13:53:15  Job closed.
2020-08-03 13:53:15  Finding next job.
2020-08-03 13:53:15  module: wildersecurity_questions, URL: http://www.wilderssecurity.com/threads/click-fraud-malware-found-lurking-in-more-than-50-play-store-apps.427313/
2020-08-03 13:53:15  Job started.
2020-08-03 13:53:15  https://www.wilderssecurity.com/threads/click-fraud-malware-found-lurking-in-more-than-50-play-store-apps.427313/?page=1 (0.117719s)
2020-08-03 13:53:15  2 elements are found.
2020-08-03 13:53:21  Job done, dumping the data.
2020-08-03 13:53:21  2 records are dumped to '/home/jeff/ForumCrawler/tmp/wilder_job.2020-08-03/http_www.wilderssecurity.com_threads_click-fraud-malware-found-lurking-in-more-than-50-play-store-apps.427313.json'
2020-08-03 13:53:21  Job closed.
2020-08-03 13:53:21  Finding next job.
2020-08-03 13:53:21  module: wildersecurity_questions, URL: http://www.wilderssecurity.com/threads/these-hugely-popular-android-apps-have-been-committing-ad-fraud-behind-users-backs.410682/
2020-08-03 13:53:21  Job started.
2020-08-03 13:53:21  https://www.wilderssecurity.com/threads/these-hugely-popular-android-apps-have-been-committing-ad-fraud-behind-users-backs.410682/?page=1 (0.135833s)
2020-08-03 13:53:21  10 elements are found.
2020-08-03 13:53:27  Job done, dumping the data.
2020-08-03 13:53:27  10 records are dumped to '/home/jeff/ForumCrawler/tmp/wilder_job.2020-08-03/http_www.wilderssecurity.com_threads_these-hugely-popular-android-apps-have-been-committing-ad-fraud-behind-users-backs.410682.json'
2020-08-03 13:53:27  Job closed.
2020-08-03 13:53:27  Finding next job.
2020-08-03 13:53:27  module: wildersecurity_questions, URL: http://www.wilderssecurity.com/threads/viral-apps-removed-from-play-store-for-violating-policy.429511/
2020-08-03 13:53:27  Job started.
2020-08-03 13:53:27  https://www.wilderssecurity.com/threads/viral-apps-removed-from-play-store-for-violating-policy.429511/?page=1 (0.109124s)
2020-08-03 13:53:27  3 elements are found.
2020-08-03 13:53:33  Job done, dumping the data.
2020-08-03 13:53:33  3 records are dumped to '/home/jeff/ForumCrawler/tmp/wilder_job.2020-08-03/http_www.wilderssecurity.com_threads_viral-apps-removed-from-play-store-for-violating-policy.429511.json'
2020-08-03 13:53:33  Job closed.
2020-08-03 13:53:33  Finding next job.
2020-08-03 13:53:33  module: wildersecurity_questions, URL: http://www.wilderssecurity.com/threads/how-secure-is-your-phones-lock-screen.429574/
2020-08-03 13:53:33  Job started.
2020-08-03 13:53:34  https://www.wilderssecurity.com/threads/how-secure-is-your-phones-lock-screen.429574/?page=1 (0.102134s)
2020-08-03 13:53:34  1 elements are found.
2020-08-03 13:53:40  Job done, dumping the data.
2020-08-03 13:53:40  1 records are dumped to '/home/jeff/ForumCrawler/tmp/wilder_job.2020-08-03/http_www.wilderssecurity.com_threads_how-secure-is-your-phones-lock-screen.429574.json'
2020-08-03 13:53:40  Job closed.
2020-08-03 13:53:40  Finding next job.
2020-08-03 13:53:40  module: wildersecurity_questions, URL: http://www.wilderssecurity.com/threads/meet-eventbot-a-new-android-malware-that-steals-banking-passwords-and-two-factor-codes.428402/
2020-08-03 13:53:40  Job started.
2020-08-03 13:53:40  https://www.wilderssecurity.com/threads/meet-eventbot-a-new-android-malware-that-steals-banking-passwords-and-two-factor-codes.428402/?page=1 (0.113562s)
2020-08-03 13:53:40  2 elements are found.
2020-08-03 13:53:46  Job done, dumping the data.
2020-08-03 13:53:46  2 records are dumped to '/home/jeff/ForumCrawler/tmp/wilder_job.2020-08-03/http_www.wilderssecurity.com_threads_meet-eventbot-a-new-android-malware-that-steals-banking-passwords-and-two-factor-codes.428402.json'
2020-08-03 13:53:46  Job closed.
2020-08-03 13:53:46  Finding next job.
2020-08-03 13:53:46  module: wildersecurity_questions, URL: http://www.wilderssecurity.com/threads/your-iphone-now-serves-as-a-google-security-key.425110/
2020-08-03 13:53:46  Job started.
2020-08-03 13:53:46  https://www.wilderssecurity.com/threads/your-iphone-now-serves-as-a-google-security-key.425110/?page=1 (0.116119s)
2020-08-03 13:53:46  2 elements are found.
2020-08-03 13:53:52  Job done, dumping the data.
2020-08-03 13:53:52  2 records are dumped to '/home/jeff/ForumCrawler/tmp/wilder_job.2020-08-03/http_www.wilderssecurity.com_threads_your-iphone-now-serves-as-a-google-security-key.425110.json'
2020-08-03 13:53:52  Job closed.
2020-08-03 13:53:52  Finding next job.
2020-08-03 13:53:52  module: wildersecurity_questions, URL: http://www.wilderssecurity.com/threads/the-rate-of-mobile-phishing-aimed-at-businesses-grew-by-37-by-the-end-of-march-2020.429478/
2020-08-03 13:53:52  Job started.
2020-08-03 13:53:52  https://www.wilderssecurity.com/threads/the-rate-of-mobile-phishing-aimed-at-businesses-grew-by-37-by-the-end-of-march-2020.429478/?page=1 (0.114747s)
2020-08-03 13:53:52  1 elements are found.
2020-08-03 13:53:58  Job done, dumping the data.
2020-08-03 13:53:58  1 records are dumped to '/home/jeff/ForumCrawler/tmp/wilder_job.2020-08-03/http_www.wilderssecurity.com_threads_the-rate-of-mobile-phishing-aimed-at-businesses-grew-by-37-by-the-end-of-march-2020.429478.json'
2020-08-03 13:53:58  Job closed.
2020-08-03 13:53:58  Finding next job.
2020-08-03 13:53:58  module: wildersecurity_questions, URL: http://www.wilderssecurity.com/threads/theres-a-jailbreak-out-for-the-current-version-of-ios.429170/
2020-08-03 13:53:58  Job started.
2020-08-03 13:53:58  https://www.wilderssecurity.com/threads/theres-a-jailbreak-out-for-the-current-version-of-ios.429170/?page=1 (0.114817s)
2020-08-03 13:53:58  3 elements are found.
2020-08-03 13:54:04  Job done, dumping the data.
2020-08-03 13:54:04  3 records are dumped to '/home/jeff/ForumCrawler/tmp/wilder_job.2020-08-03/http_www.wilderssecurity.com_threads_theres-a-jailbreak-out-for-the-current-version-of-ios.429170.json'
2020-08-03 13:54:04  Job closed.
2020-08-03 13:54:04  Finding next job.
2020-08-03 13:54:04  module: wildersecurity_questions, URL: http://www.wilderssecurity.com/threads/screenwings-for-android.420729/
2020-08-03 13:54:04  Job started.
2020-08-03 13:54:05  https://www.wilderssecurity.com/threads/screenwings-for-android.420729/?page=1 (0.140601s)
2020-08-03 13:54:05  17 elements are found.
2020-08-03 13:54:11  Job done, dumping the data.
2020-08-03 13:54:11  17 records are dumped to '/home/jeff/ForumCrawler/tmp/wilder_job.2020-08-03/http_www.wilderssecurity.com_threads_screenwings-for-android.420729.json'
2020-08-03 13:54:11  Job closed.
2020-08-03 13:54:11  Finding next job.
2020-08-03 13:54:11  No more jobs.
